2018-07-11 19:21:10,486 - log\train.log - INFO - num_chars      :	3258
2018-07-11 19:21:10,486 - log\train.log - INFO - char_dim       :	100
2018-07-11 19:21:10,486 - log\train.log - INFO - num_tags       :	17
2018-07-11 19:21:10,486 - log\train.log - INFO - seg_dim        :	20
2018-07-11 19:21:10,486 - log\train.log - INFO - lstm_dim       :	100
2018-07-11 19:21:10,486 - log\train.log - INFO - batch_size     :	20
2018-07-11 19:21:10,486 - log\train.log - INFO - iteration      :	1000
2018-07-11 19:21:10,486 - log\train.log - INFO - emb_file       :	wiki_100.utf8
2018-07-11 19:21:10,487 - log\train.log - INFO - clip           :	5
2018-07-11 19:21:10,487 - log\train.log - INFO - dropout_keep   :	0.5
2018-07-11 19:21:10,487 - log\train.log - INFO - optimizer      :	adam
2018-07-11 19:21:10,487 - log\train.log - INFO - lr             :	0.001
2018-07-11 19:21:10,487 - log\train.log - INFO - tag_schema     :	iob
2018-07-11 19:21:10,487 - log\train.log - INFO - pre_emb        :	True
2018-07-11 19:21:10,489 - log\train.log - INFO - zeros          :	False
2018-07-11 19:21:10,489 - log\train.log - INFO - lower          :	True
2018-07-11 19:21:12,035 - log\train.log - INFO - Created model with fresh parameters.
2018-07-11 19:21:13,411 - log\train.log - INFO - Load pre-trained embedding.
2018-07-11 19:21:13,413 - log\train.log - INFO - start training
2018-07-11 19:21:13,413 - log\train.log - INFO - epoch: 0
2018-07-11 19:21:15,733 - log\train.log - INFO - iteration:1 step:100/533, NER loss: 5.138565
2018-07-11 19:21:18,072 - log\train.log - INFO - iteration:1 step:200/533, NER loss: 0.460005
2018-07-11 19:21:20,234 - log\train.log - INFO - iteration:1 step:300/533, NER loss: 0.216193
2018-07-11 19:21:22,377 - log\train.log - INFO - iteration:1 step:400/533, NER loss: 0.226338
2018-07-11 19:21:24,540 - log\train.log - INFO - iteration:1 step:500/533, NER loss: 0.252326
2018-07-11 19:21:25,256 - log\train.log - INFO - evaluate:dev
2018-07-11 19:21:25,987 - log\train.log - INFO - processed 12751 tokens with 3022 phrases; found: 3023 phrases; correct: 2945.

2018-07-11 19:21:25,987 - log\train.log - INFO - accuracy:  98.43%; precision:  97.42%; recall:  97.45%; FB1:  97.44

2018-07-11 19:21:25,987 - log\train.log - INFO -               ACT: precision:   0.00%; recall:   0.00%; FB1:   0.00  0

2018-07-11 19:21:25,987 - log\train.log - INFO -               ART: precision:  97.29%; recall:  99.59%; FB1:  98.43  1511

2018-07-11 19:21:25,989 - log\train.log - INFO -               IHS: precision:   0.00%; recall:   0.00%; FB1:   0.00  0

2018-07-11 19:21:25,989 - log\train.log - INFO -               LOC: precision:   0.00%; recall:   0.00%; FB1:   0.00  0

2018-07-11 19:21:25,989 - log\train.log - INFO -               MUS: precision:   0.00%; recall:   0.00%; FB1:   0.00  0

2018-07-11 19:21:25,989 - log\train.log - INFO -               PER: precision:   0.00%; recall:   0.00%; FB1:   0.00  0

2018-07-11 19:21:25,989 - log\train.log - INFO -               SNG: precision:  97.55%; recall:  99.93%; FB1:  98.73  1512

2018-07-11 19:21:25,989 - log\train.log - INFO -               TAG: precision:   0.00%; recall:   0.00%; FB1:   0.00  0

2018-07-11 19:21:26,058 - log\train.log - INFO - new best dev f1 score:97.440
2018-07-11 19:21:26,528 - log\train.log - INFO - model saved
2018-07-11 19:21:26,529 - log\train.log - INFO - evaluate:test
2018-07-11 19:21:27,128 - log\train.log - INFO - processed 10332 tokens with 2427 phrases; found: 2421 phrases; correct: 2353.

2018-07-11 19:21:27,134 - log\train.log - INFO - accuracy:  98.12%; precision:  97.19%; recall:  96.95%; FB1:  97.07

2018-07-11 19:21:27,134 - log\train.log - INFO -               ACT: precision:   0.00%; recall:   0.00%; FB1:   0.00  0

2018-07-11 19:21:27,135 - log\train.log - INFO -               ART: precision:  97.27%; recall:  99.58%; FB1:  98.41  1209

2018-07-11 19:21:27,135 - log\train.log - INFO -               IHS: precision:   0.00%; recall:   0.00%; FB1:   0.00  0

2018-07-11 19:21:27,135 - log\train.log - INFO -               LOC: precision:   0.00%; recall:   0.00%; FB1:   0.00  0

2018-07-11 19:21:27,137 - log\train.log - INFO -               MUS: precision:   0.00%; recall:   0.00%; FB1:   0.00  0

2018-07-11 19:21:27,137 - log\train.log - INFO -               PER: precision:   0.00%; recall:   0.00%; FB1:   0.00  0

2018-07-11 19:21:27,137 - log\train.log - INFO -               SNG: precision:  97.11%; recall:  99.66%; FB1:  98.37  1212

2018-07-11 19:21:27,137 - log\train.log - INFO -               TAG: precision:   0.00%; recall:   0.00%; FB1:   0.00  0

2018-07-11 19:21:27,196 - log\train.log - INFO - new best test f1 score:97.070
2018-07-11 19:21:27,197 - log\train.log - INFO - epoch: 1
2018-07-11 19:21:28,688 - log\train.log - INFO - iteration:2 step:67/533, NER loss: 0.197634
2018-07-11 19:21:31,043 - log\train.log - INFO - iteration:2 step:167/533, NER loss: 0.099364
2018-07-11 19:21:33,220 - log\train.log - INFO - iteration:2 step:267/533, NER loss: 0.146272
2018-07-11 19:21:35,398 - log\train.log - INFO - iteration:2 step:367/533, NER loss: 0.199949
2018-07-11 19:21:37,552 - log\train.log - INFO - iteration:2 step:467/533, NER loss: 0.041172
2018-07-11 19:21:39,006 - log\train.log - INFO - evaluate:dev
2018-07-11 19:21:39,690 - log\train.log - INFO - processed 12751 tokens with 3022 phrases; found: 3026 phrases; correct: 2948.

2018-07-11 19:21:39,691 - log\train.log - INFO - accuracy:  98.51%; precision:  97.42%; recall:  97.55%; FB1:  97.49

2018-07-11 19:21:39,691 - log\train.log - INFO -               ACT: precision:   0.00%; recall:   0.00%; FB1:   0.00  0

2018-07-11 19:21:39,691 - log\train.log - INFO -               ART: precision:  97.61%; recall:  99.80%; FB1:  98.69  1509

2018-07-11 19:21:39,693 - log\train.log - INFO -               IHS: precision:   0.00%; recall:   0.00%; FB1:   0.00  5

2018-07-11 19:21:39,693 - log\train.log - INFO -               LOC: precision:   0.00%; recall:   0.00%; FB1:   0.00  0

2018-07-11 19:21:39,694 - log\train.log - INFO -               MUS: precision:   0.00%; recall:   0.00%; FB1:   0.00  0

2018-07-11 19:21:39,694 - log\train.log - INFO -               PER: precision:   0.00%; recall:   0.00%; FB1:   0.00  0

2018-07-11 19:21:39,694 - log\train.log - INFO -               SNG: precision:  97.55%; recall:  99.93%; FB1:  98.73  1512

2018-07-11 19:21:39,694 - log\train.log - INFO -               TAG: precision:   0.00%; recall:   0.00%; FB1:   0.00  0

2018-07-11 19:21:39,752 - log\train.log - INFO - new best dev f1 score:97.490
2018-07-11 19:21:40,148 - log\train.log - INFO - model saved
2018-07-11 19:21:40,148 - log\train.log - INFO - evaluate:test
2018-07-11 19:21:40,767 - log\train.log - INFO - processed 10332 tokens with 2427 phrases; found: 2422 phrases; correct: 2360.

2018-07-11 19:21:40,767 - log\train.log - INFO - accuracy:  98.39%; precision:  97.44%; recall:  97.24%; FB1:  97.34

2018-07-11 19:21:40,767 - log\train.log - INFO -               ACT: precision:   0.00%; recall:   0.00%; FB1:   0.00  0

2018-07-11 19:21:40,769 - log\train.log - INFO -               ART: precision:  97.84%; recall:  99.92%; FB1:  98.87  1206

2018-07-11 19:21:40,769 - log\train.log - INFO -               IHS: precision:   0.00%; recall:   0.00%; FB1:   0.00  0

2018-07-11 19:21:40,769 - log\train.log - INFO -               LOC: precision:   0.00%; recall:   0.00%; FB1:   0.00  0

2018-07-11 19:21:40,769 - log\train.log - INFO -               MUS: precision:   0.00%; recall:   0.00%; FB1:   0.00  0

2018-07-11 19:21:40,769 - log\train.log - INFO -               PER: precision:   0.00%; recall:   0.00%; FB1:   0.00  0

2018-07-11 19:21:40,769 - log\train.log - INFO -               SNG: precision:  97.04%; recall:  99.92%; FB1:  98.46  1216

2018-07-11 19:21:40,769 - log\train.log - INFO -               TAG: precision:   0.00%; recall:   0.00%; FB1:   0.00  0

2018-07-11 19:21:40,828 - log\train.log - INFO - new best test f1 score:97.340
2018-07-11 19:21:40,828 - log\train.log - INFO - epoch: 2
2018-07-11 19:21:41,553 - log\train.log - INFO - iteration:3 step:34/533, NER loss: 0.111119
2018-07-11 19:21:43,717 - log\train.log - INFO - iteration:3 step:134/533, NER loss: 0.188900
2018-07-11 19:21:45,959 - log\train.log - INFO - iteration:3 step:234/533, NER loss: 0.044677
2018-07-11 19:21:48,164 - log\train.log - INFO - iteration:3 step:334/533, NER loss: 0.095789
2018-07-11 19:21:50,348 - log\train.log - INFO - iteration:3 step:434/533, NER loss: 0.095351
2018-07-11 19:21:52,581 - log\train.log - INFO - evaluate:dev
2018-07-11 19:21:53,302 - log\train.log - INFO - processed 12751 tokens with 3022 phrases; found: 3012 phrases; correct: 2960.

2018-07-11 19:21:53,302 - log\train.log - INFO - accuracy:  98.82%; precision:  98.27%; recall:  97.95%; FB1:  98.11

2018-07-11 19:21:53,302 - log\train.log - INFO -               ACT: precision:  50.00%; recall:  40.00%; FB1:  44.44  20

2018-07-11 19:21:53,302 - log\train.log - INFO -               ART: precision:  98.93%; recall:  99.93%; FB1:  99.43  1491

2018-07-11 19:21:53,302 - log\train.log - INFO -               IHS: precision:   0.00%; recall:   0.00%; FB1:   0.00  5

2018-07-11 19:21:53,302 - log\train.log - INFO -               LOC: precision:   0.00%; recall:   0.00%; FB1:   0.00  0

2018-07-11 19:21:53,303 - log\train.log - INFO -               MUS: precision:   0.00%; recall:   0.00%; FB1:   0.00  0

2018-07-11 19:21:53,303 - log\train.log - INFO -               PER: precision:   0.00%; recall:   0.00%; FB1:   0.00  5

2018-07-11 19:21:53,303 - log\train.log - INFO -               SNG: precision:  98.93%; recall:  99.93%; FB1:  99.43  1491

2018-07-11 19:21:53,303 - log\train.log - INFO -               TAG: precision:   0.00%; recall:   0.00%; FB1:   0.00  0

2018-07-11 19:21:53,352 - log\train.log - INFO - new best dev f1 score:98.110
2018-07-11 19:21:53,736 - log\train.log - INFO - model saved
2018-07-11 19:21:53,736 - log\train.log - INFO - evaluate:test
2018-07-11 19:21:54,413 - log\train.log - INFO - processed 10332 tokens with 2427 phrases; found: 2428 phrases; correct: 2371.

2018-07-11 19:21:54,413 - log\train.log - INFO - accuracy:  98.73%; precision:  97.65%; recall:  97.69%; FB1:  97.67

2018-07-11 19:21:54,413 - log\train.log - INFO -               ACT: precision:  33.33%; recall:  40.00%; FB1:  36.36  30

2018-07-11 19:21:54,413 - log\train.log - INFO -               ART: precision:  98.99%; recall:  99.92%; FB1:  99.45  1192

2018-07-11 19:21:54,413 - log\train.log - INFO -               IHS: precision:   0.00%; recall:   0.00%; FB1:   0.00  5

2018-07-11 19:21:54,414 - log\train.log - INFO -               LOC: precision:   0.00%; recall:   0.00%; FB1:   0.00  0

2018-07-11 19:21:54,414 - log\train.log - INFO -               MUS: precision:   0.00%; recall:   0.00%; FB1:   0.00  0

2018-07-11 19:21:54,414 - log\train.log - INFO -               PER: precision:   0.00%; recall:   0.00%; FB1:   0.00  5

2018-07-11 19:21:54,414 - log\train.log - INFO -               SNG: precision:  98.75%; recall: 100.00%; FB1:  99.37  1196

2018-07-11 19:21:54,414 - log\train.log - INFO -               TAG: precision:   0.00%; recall:   0.00%; FB1:   0.00  0

2018-07-11 19:21:54,467 - log\train.log - INFO - new best test f1 score:97.670
2018-07-11 19:21:54,469 - log\train.log - INFO - epoch: 3
2018-07-11 19:21:54,506 - log\train.log - INFO - iteration:4 step:1/533, NER loss: 0.027567
2018-07-11 19:21:56,858 - log\train.log - INFO - iteration:4 step:101/533, NER loss: 0.070392
2018-07-11 19:21:59,262 - log\train.log - INFO - iteration:4 step:201/533, NER loss: 0.086295
2018-07-11 19:22:01,421 - log\train.log - INFO - iteration:4 step:301/533, NER loss: 0.067366
2018-07-11 19:22:03,674 - log\train.log - INFO - iteration:4 step:401/533, NER loss: 0.050537
2018-07-11 19:22:06,180 - log\train.log - INFO - iteration:4 step:501/533, NER loss: 0.012194
2018-07-11 19:22:06,855 - log\train.log - INFO - evaluate:dev
2018-07-11 19:22:07,573 - log\train.log - INFO - processed 12751 tokens with 3022 phrases; found: 3037 phrases; correct: 2975.

2018-07-11 19:22:07,575 - log\train.log - INFO - accuracy:  99.10%; precision:  97.96%; recall:  98.44%; FB1:  98.20

2018-07-11 19:22:07,575 - log\train.log - INFO -               ACT: precision:  57.14%; recall:  80.00%; FB1:  66.67  35

2018-07-11 19:22:07,575 - log\train.log - INFO -               ART: precision:  99.26%; recall:  99.93%; FB1:  99.59  1486

2018-07-11 19:22:07,575 - log\train.log - INFO -               IHS: precision:  25.00%; recall:  33.33%; FB1:  28.57  20

2018-07-11 19:22:07,575 - log\train.log - INFO -               LOC: precision:   0.00%; recall:   0.00%; FB1:   0.00  0

2018-07-11 19:22:07,575 - log\train.log - INFO -               MUS: precision:   0.00%; recall:   0.00%; FB1:   0.00  0

2018-07-11 19:22:07,575 - log\train.log - INFO -               PER: precision:   0.00%; recall:   0.00%; FB1:   0.00  5

2018-07-11 19:22:07,575 - log\train.log - INFO -               SNG: precision:  98.93%; recall:  99.93%; FB1:  99.43  1491

2018-07-11 19:22:07,575 - log\train.log - INFO -               TAG: precision:   0.00%; recall:   0.00%; FB1:   0.00  0

2018-07-11 19:22:07,640 - log\train.log - INFO - new best dev f1 score:98.200
2018-07-11 19:22:08,033 - log\train.log - INFO - model saved
2018-07-11 19:22:08,033 - log\train.log - INFO - evaluate:test
2018-07-11 19:22:08,653 - log\train.log - INFO - processed 10332 tokens with 2427 phrases; found: 2447 phrases; correct: 2382.

2018-07-11 19:22:08,653 - log\train.log - INFO - accuracy:  99.08%; precision:  97.34%; recall:  98.15%; FB1:  97.74

2018-07-11 19:22:08,654 - log\train.log - INFO -               ACT: precision:  28.57%; recall:  40.00%; FB1:  33.33  35

2018-07-11 19:22:08,661 - log\train.log - INFO -               ART: precision:  99.16%; recall: 100.00%; FB1:  99.58  1191

2018-07-11 19:22:08,663 - log\train.log - INFO -               IHS: precision:  50.00%; recall:  66.67%; FB1:  57.14  20

2018-07-11 19:22:08,663 - log\train.log - INFO -               LOC: precision:   0.00%; recall:   0.00%; FB1:   0.00  0

2018-07-11 19:22:08,664 - log\train.log - INFO -               MUS: precision:   0.00%; recall:   0.00%; FB1:   0.00  0

2018-07-11 19:22:08,664 - log\train.log - INFO -               PER: precision:   0.00%; recall:   0.00%; FB1:   0.00  5

2018-07-11 19:22:08,664 - log\train.log - INFO -               SNG: precision:  98.75%; recall: 100.00%; FB1:  99.37  1196

2018-07-11 19:22:08,664 - log\train.log - INFO -               TAG: precision:   0.00%; recall:   0.00%; FB1:   0.00  0

2018-07-11 19:22:08,729 - log\train.log - INFO - new best test f1 score:97.740
2018-07-11 19:22:08,730 - log\train.log - INFO - epoch: 4
2018-07-11 19:22:10,368 - log\train.log - INFO - iteration:5 step:68/533, NER loss: 0.002463
2018-07-11 19:22:12,793 - log\train.log - INFO - iteration:5 step:168/533, NER loss: 0.060143
2018-07-11 19:22:15,190 - log\train.log - INFO - iteration:5 step:268/533, NER loss: 0.033691
2018-07-11 19:22:17,345 - log\train.log - INFO - iteration:5 step:368/533, NER loss: 0.055817
2018-07-11 19:22:19,503 - log\train.log - INFO - iteration:5 step:468/533, NER loss: 0.030126
2018-07-11 19:22:21,101 - log\train.log - INFO - evaluate:dev
2018-07-11 19:22:21,857 - log\train.log - INFO - processed 12751 tokens with 3022 phrases; found: 3037 phrases; correct: 2990.

2018-07-11 19:22:21,857 - log\train.log - INFO - accuracy:  99.37%; precision:  98.45%; recall:  98.94%; FB1:  98.70

2018-07-11 19:22:21,857 - log\train.log - INFO -               ACT: precision:  66.67%; recall:  80.00%; FB1:  72.73  30

2018-07-11 19:22:21,857 - log\train.log - INFO -               ART: precision:  99.26%; recall:  99.93%; FB1:  99.59  1486

2018-07-11 19:22:21,857 - log\train.log - INFO -               IHS: precision:  75.00%; recall: 100.00%; FB1:  85.71  20

2018-07-11 19:22:21,858 - log\train.log - INFO -               LOC: precision:   0.00%; recall:   0.00%; FB1:   0.00  5

2018-07-11 19:22:21,858 - log\train.log - INFO -               MUS: precision:   0.00%; recall:   0.00%; FB1:   0.00  0

2018-07-11 19:22:21,858 - log\train.log - INFO -               PER: precision:   0.00%; recall:   0.00%; FB1:   0.00  0

2018-07-11 19:22:21,858 - log\train.log - INFO -               SNG: precision:  98.93%; recall:  99.93%; FB1:  99.43  1491

2018-07-11 19:22:21,858 - log\train.log - INFO -               TAG: precision: 100.00%; recall: 100.00%; FB1: 100.00  5

2018-07-11 19:22:21,917 - log\train.log - INFO - new best dev f1 score:98.700
2018-07-11 19:22:22,292 - log\train.log - INFO - model saved
2018-07-11 19:22:22,296 - log\train.log - INFO - evaluate:test
2018-07-11 19:22:22,927 - log\train.log - INFO - processed 10332 tokens with 2427 phrases; found: 2434 phrases; correct: 2396.

2018-07-11 19:22:22,937 - log\train.log - INFO - accuracy:  99.30%; precision:  98.44%; recall:  98.72%; FB1:  98.58

2018-07-11 19:22:22,937 - log\train.log - INFO -               ACT: precision:  60.00%; recall:  60.00%; FB1:  60.00  25

2018-07-11 19:22:22,937 - log\train.log - INFO -               ART: precision:  99.49%; recall: 100.00%; FB1:  99.75  1187

2018-07-11 19:22:22,938 - log\train.log - INFO -               IHS: precision: 100.00%; recall: 100.00%; FB1: 100.00  15

2018-07-11 19:22:22,938 - log\train.log - INFO -               LOC: precision:   0.00%; recall:   0.00%; FB1:   0.00  0

2018-07-11 19:22:22,938 - log\train.log - INFO -               MUS: precision:   0.00%; recall:   0.00%; FB1:   0.00  0

2018-07-11 19:22:22,938 - log\train.log - INFO -               PER: precision:   0.00%; recall:   0.00%; FB1:   0.00  5

2018-07-11 19:22:22,940 - log\train.log - INFO -               SNG: precision:  98.58%; recall:  99.92%; FB1:  99.24  1197

2018-07-11 19:22:22,940 - log\train.log - INFO -               TAG: precision: 100.00%; recall: 100.00%; FB1: 100.00  5

2018-07-11 19:22:22,990 - log\train.log - INFO - new best test f1 score:98.580
2018-07-11 19:22:22,992 - log\train.log - INFO - epoch: 5
2018-07-11 19:22:23,809 - log\train.log - INFO - iteration:6 step:35/533, NER loss: 0.016038
2018-07-11 19:22:26,085 - log\train.log - INFO - iteration:6 step:135/533, NER loss: 0.045293
2018-07-11 19:22:28,359 - log\train.log - INFO - iteration:6 step:235/533, NER loss: 0.053328
2018-07-11 19:22:30,740 - log\train.log - INFO - iteration:6 step:335/533, NER loss: 0.025311
2018-07-11 19:22:32,855 - log\train.log - INFO - iteration:6 step:435/533, NER loss: 0.021110
2018-07-11 19:22:35,104 - log\train.log - INFO - evaluate:dev
2018-07-11 19:22:35,812 - log\train.log - INFO - processed 12751 tokens with 3022 phrases; found: 3042 phrases; correct: 2995.

2018-07-11 19:22:35,813 - log\train.log - INFO - accuracy:  99.45%; precision:  98.45%; recall:  99.11%; FB1:  98.78

2018-07-11 19:22:35,813 - log\train.log - INFO -               ACT: precision:  80.00%; recall:  80.00%; FB1:  80.00  25

2018-07-11 19:22:35,813 - log\train.log - INFO -               ART: precision:  99.59%; recall:  99.93%; FB1:  99.76  1481

2018-07-11 19:22:35,815 - log\train.log - INFO -               IHS: precision: 100.00%; recall:  66.67%; FB1:  80.00  10

2018-07-11 19:22:35,815 - log\train.log - INFO -               LOC: precision:   0.00%; recall:   0.00%; FB1:   0.00  0

2018-07-11 19:22:35,815 - log\train.log - INFO -               MUS: precision:  25.00%; recall:  50.00%; FB1:  33.33  20

2018-07-11 19:22:35,815 - log\train.log - INFO -               PER: precision:  33.33%; recall:  50.00%; FB1:  40.00  15

2018-07-11 19:22:35,815 - log\train.log - INFO -               SNG: precision:  99.26%; recall:  99.93%; FB1:  99.59  1486

2018-07-11 19:22:35,815 - log\train.log - INFO -               TAG: precision: 100.00%; recall: 100.00%; FB1: 100.00  5

2018-07-11 19:22:35,882 - log\train.log - INFO - new best dev f1 score:98.780
2018-07-11 19:22:36,342 - log\train.log - INFO - model saved
2018-07-11 19:22:36,342 - log\train.log - INFO - evaluate:test
2018-07-11 19:22:36,967 - log\train.log - INFO - processed 10332 tokens with 2427 phrases; found: 2439 phrases; correct: 2406.

2018-07-11 19:22:36,967 - log\train.log - INFO - accuracy:  99.48%; precision:  98.65%; recall:  99.13%; FB1:  98.89

2018-07-11 19:22:36,967 - log\train.log - INFO -               ACT: precision: 100.00%; recall:  80.00%; FB1:  88.89  20

2018-07-11 19:22:36,967 - log\train.log - INFO -               ART: precision:  99.92%; recall: 100.00%; FB1:  99.96  1182

2018-07-11 19:22:36,967 - log\train.log - INFO -               IHS: precision: 100.00%; recall:  66.67%; FB1:  80.00  10

2018-07-11 19:22:36,969 - log\train.log - INFO -               LOC: precision:   0.00%; recall:   0.00%; FB1:   0.00  0

2018-07-11 19:22:36,969 - log\train.log - INFO -               MUS: precision:  25.00%; recall:  50.00%; FB1:  33.33  20

2018-07-11 19:22:36,969 - log\train.log - INFO -               PER: precision:  33.33%; recall: 100.00%; FB1:  50.00  15

2018-07-11 19:22:36,969 - log\train.log - INFO -               SNG: precision:  99.41%; recall:  99.92%; FB1:  99.66  1187

2018-07-11 19:22:36,969 - log\train.log - INFO -               TAG: precision: 100.00%; recall: 100.00%; FB1: 100.00  5

2018-07-11 19:22:37,030 - log\train.log - INFO - new best test f1 score:98.890
2018-07-11 19:22:37,032 - log\train.log - INFO - epoch: 6
2018-07-11 19:22:37,075 - log\train.log - INFO - iteration:7 step:2/533, NER loss: 0.020612
2018-07-11 19:22:39,312 - log\train.log - INFO - iteration:7 step:102/533, NER loss: 0.031918
2018-07-11 19:22:41,618 - log\train.log - INFO - iteration:7 step:202/533, NER loss: 0.030153
2018-07-11 19:22:43,936 - log\train.log - INFO - iteration:7 step:302/533, NER loss: 0.022595
2018-07-11 19:22:46,267 - log\train.log - INFO - iteration:7 step:402/533, NER loss: 0.006185
2018-07-11 19:22:48,500 - log\train.log - INFO - iteration:7 step:502/533, NER loss: 0.008498
2018-07-11 19:22:49,232 - log\train.log - INFO - evaluate:dev
2018-07-11 19:22:49,940 - log\train.log - INFO - processed 12751 tokens with 3022 phrases; found: 3042 phrases; correct: 3010.

2018-07-11 19:22:49,940 - log\train.log - INFO - accuracy:  99.73%; precision:  98.95%; recall:  99.60%; FB1:  99.27

2018-07-11 19:22:49,940 - log\train.log - INFO -               ACT: precision:  83.33%; recall: 100.00%; FB1:  90.91  30

2018-07-11 19:22:49,940 - log\train.log - INFO -               ART: precision:  99.93%; recall:  99.93%; FB1:  99.93  1476

2018-07-11 19:22:49,940 - log\train.log - INFO -               IHS: precision: 100.00%; recall: 100.00%; FB1: 100.00  15

2018-07-11 19:22:49,940 - log\train.log - INFO -               LOC: precision: 100.00%; recall: 100.00%; FB1: 100.00  5

2018-07-11 19:22:49,940 - log\train.log - INFO -               MUS: precision:   0.00%; recall:   0.00%; FB1:   0.00  10

2018-07-11 19:22:49,940 - log\train.log - INFO -               PER: precision: 100.00%; recall: 100.00%; FB1: 100.00  10

2018-07-11 19:22:49,940 - log\train.log - INFO -               SNG: precision:  98.93%; recall:  99.93%; FB1:  99.43  1491

2018-07-11 19:22:49,940 - log\train.log - INFO -               TAG: precision: 100.00%; recall: 100.00%; FB1: 100.00  5

2018-07-11 19:22:50,006 - log\train.log - INFO - new best dev f1 score:99.270
2018-07-11 19:22:50,375 - log\train.log - INFO - model saved
2018-07-11 19:22:50,375 - log\train.log - INFO - evaluate:test
2018-07-11 19:22:51,009 - log\train.log - INFO - processed 10332 tokens with 2427 phrases; found: 2428 phrases; correct: 2411.

2018-07-11 19:22:51,016 - log\train.log - INFO - accuracy:  99.69%; precision:  99.30%; recall:  99.34%; FB1:  99.32

2018-07-11 19:22:51,016 - log\train.log - INFO -               ACT: precision: 100.00%; recall:  80.00%; FB1:  88.89  20

2018-07-11 19:22:51,016 - log\train.log - INFO -               ART: precision: 100.00%; recall: 100.00%; FB1: 100.00  1181

2018-07-11 19:22:51,016 - log\train.log - INFO -               IHS: precision: 100.00%; recall: 100.00%; FB1: 100.00  15

2018-07-11 19:22:51,016 - log\train.log - INFO -               LOC: precision:   0.00%; recall:   0.00%; FB1:   0.00  0

2018-07-11 19:22:51,016 - log\train.log - INFO -               MUS: precision: 100.00%; recall:  50.00%; FB1:  66.67  5

2018-07-11 19:22:51,016 - log\train.log - INFO -               PER: precision:  33.33%; recall: 100.00%; FB1:  50.00  15

2018-07-11 19:22:51,016 - log\train.log - INFO -               SNG: precision:  99.41%; recall:  99.92%; FB1:  99.66  1187

2018-07-11 19:22:51,016 - log\train.log - INFO -               TAG: precision: 100.00%; recall: 100.00%; FB1: 100.00  5

2018-07-11 19:22:51,069 - log\train.log - INFO - new best test f1 score:99.320
2018-07-11 19:22:51,069 - log\train.log - INFO - epoch: 7
2018-07-11 19:22:52,602 - log\train.log - INFO - iteration:8 step:69/533, NER loss: 0.023412
2018-07-11 19:22:54,802 - log\train.log - INFO - iteration:8 step:169/533, NER loss: 0.020590
2018-07-11 19:22:57,032 - log\train.log - INFO - iteration:8 step:269/533, NER loss: 0.004424
2018-07-11 19:22:59,282 - log\train.log - INFO - iteration:8 step:369/533, NER loss: 0.021233
2018-07-11 19:23:01,665 - log\train.log - INFO - iteration:8 step:469/533, NER loss: 0.011073
2018-07-11 19:23:03,111 - log\train.log - INFO - evaluate:dev
2018-07-11 19:23:03,808 - log\train.log - INFO - processed 12751 tokens with 3022 phrases; found: 3037 phrases; correct: 3005.

2018-07-11 19:23:03,808 - log\train.log - INFO - accuracy:  99.61%; precision:  98.95%; recall:  99.44%; FB1:  99.19

2018-07-11 19:23:03,809 - log\train.log - INFO -               ACT: precision:  83.33%; recall: 100.00%; FB1:  90.91  30

2018-07-11 19:23:03,809 - log\train.log - INFO -               ART: precision:  99.26%; recall:  99.93%; FB1:  99.59  1486

2018-07-11 19:23:03,809 - log\train.log - INFO -               IHS: precision: 100.00%; recall: 100.00%; FB1: 100.00  15

2018-07-11 19:23:03,809 - log\train.log - INFO -               LOC: precision: 100.00%; recall: 100.00%; FB1: 100.00  5

2018-07-11 19:23:03,809 - log\train.log - INFO -               MUS: precision:  50.00%; recall:  50.00%; FB1:  50.00  10

2018-07-11 19:23:03,809 - log\train.log - INFO -               PER: precision:   0.00%; recall:   0.00%; FB1:   0.00  5

2018-07-11 19:23:03,809 - log\train.log - INFO -               SNG: precision:  99.59%; recall:  99.93%; FB1:  99.76  1481

2018-07-11 19:23:03,809 - log\train.log - INFO -               TAG: precision: 100.00%; recall: 100.00%; FB1: 100.00  5

2018-07-11 19:23:03,811 - log\train.log - INFO - evaluate:test
2018-07-11 19:23:04,400 - log\train.log - INFO - processed 10332 tokens with 2427 phrases; found: 2432 phrases; correct: 2417.

2018-07-11 19:23:04,401 - log\train.log - INFO - accuracy:  99.76%; precision:  99.38%; recall:  99.59%; FB1:  99.49

2018-07-11 19:23:04,401 - log\train.log - INFO -               ACT: precision: 100.00%; recall: 100.00%; FB1: 100.00  25

2018-07-11 19:23:04,401 - log\train.log - INFO -               ART: precision:  99.58%; recall: 100.00%; FB1:  99.79  1186

2018-07-11 19:23:04,401 - log\train.log - INFO -               IHS: precision: 100.00%; recall: 100.00%; FB1: 100.00  15

2018-07-11 19:23:04,401 - log\train.log - INFO -               LOC: precision: 100.00%; recall: 100.00%; FB1: 100.00  5

2018-07-11 19:23:04,403 - log\train.log - INFO -               MUS: precision:  50.00%; recall:  50.00%; FB1:  50.00  10

2018-07-11 19:23:04,403 - log\train.log - INFO -               PER: precision:   0.00%; recall:   0.00%; FB1:   0.00  5

2018-07-11 19:23:04,403 - log\train.log - INFO -               SNG: precision: 100.00%; recall: 100.00%; FB1: 100.00  1181

2018-07-11 19:23:04,403 - log\train.log - INFO -               TAG: precision: 100.00%; recall: 100.00%; FB1: 100.00  5

2018-07-11 19:23:04,454 - log\train.log - INFO - new best test f1 score:99.490
2018-07-11 19:23:04,456 - log\train.log - INFO - epoch: 8
2018-07-11 19:23:05,206 - log\train.log - INFO - iteration:9 step:36/533, NER loss: 0.005373
2018-07-11 19:23:07,467 - log\train.log - INFO - iteration:9 step:136/533, NER loss: 0.007921
2018-07-11 19:23:09,706 - log\train.log - INFO - iteration:9 step:236/533, NER loss: 0.024483
2018-07-11 19:23:11,871 - log\train.log - INFO - iteration:9 step:336/533, NER loss: 0.008919
2018-07-11 19:23:14,204 - log\train.log - INFO - iteration:9 step:436/533, NER loss: 0.010158
2018-07-11 19:23:16,492 - log\train.log - INFO - evaluate:dev
2018-07-11 19:23:17,211 - log\train.log - INFO - processed 12751 tokens with 3022 phrases; found: 3012 phrases; correct: 2990.

2018-07-11 19:23:17,211 - log\train.log - INFO - accuracy:  99.29%; precision:  99.27%; recall:  98.94%; FB1:  99.11

2018-07-11 19:23:17,211 - log\train.log - INFO -               ACT: precision: 100.00%; recall:  60.00%; FB1:  75.00  15

2018-07-11 19:23:17,213 - log\train.log - INFO -               ART: precision:  99.26%; recall:  99.93%; FB1:  99.59  1486

2018-07-11 19:23:17,213 - log\train.log - INFO -               IHS: precision: 100.00%; recall: 100.00%; FB1: 100.00  15

2018-07-11 19:23:17,213 - log\train.log - INFO -               LOC: precision: 100.00%; recall: 100.00%; FB1: 100.00  5

2018-07-11 19:23:17,213 - log\train.log - INFO -               MUS: precision:   0.00%; recall:   0.00%; FB1:   0.00  0

2018-07-11 19:23:17,213 - log\train.log - INFO -               PER: precision:   0.00%; recall:   0.00%; FB1:   0.00  0

2018-07-11 19:23:17,213 - log\train.log - INFO -               SNG: precision:  99.26%; recall:  99.93%; FB1:  99.59  1486

2018-07-11 19:23:17,213 - log\train.log - INFO -               TAG: precision: 100.00%; recall: 100.00%; FB1: 100.00  5

2018-07-11 19:23:17,213 - log\train.log - INFO - evaluate:test
2018-07-11 19:23:17,842 - log\train.log - INFO - processed 10332 tokens with 2427 phrases; found: 2422 phrases; correct: 2402.

2018-07-11 19:23:17,844 - log\train.log - INFO - accuracy:  99.42%; precision:  99.17%; recall:  98.97%; FB1:  99.07

2018-07-11 19:23:17,844 - log\train.log - INFO -               ACT: precision: 100.00%; recall:  60.00%; FB1:  75.00  15

2018-07-11 19:23:17,845 - log\train.log - INFO -               ART: precision:  99.58%; recall: 100.00%; FB1:  99.79  1186

2018-07-11 19:23:17,845 - log\train.log - INFO -               IHS: precision: 100.00%; recall: 100.00%; FB1: 100.00  15

2018-07-11 19:23:17,845 - log\train.log - INFO -               LOC: precision: 100.00%; recall: 100.00%; FB1: 100.00  5

2018-07-11 19:23:17,845 - log\train.log - INFO -               MUS: precision:   0.00%; recall:   0.00%; FB1:   0.00  0

2018-07-11 19:23:17,845 - log\train.log - INFO -               PER: precision:   0.00%; recall:   0.00%; FB1:   0.00  5

2018-07-11 19:23:17,845 - log\train.log - INFO -               SNG: precision:  99.16%; recall: 100.00%; FB1:  99.58  1191

2018-07-11 19:23:17,845 - log\train.log - INFO -               TAG: precision: 100.00%; recall: 100.00%; FB1: 100.00  5

2018-07-11 19:23:17,845 - log\train.log - INFO - epoch: 9
2018-07-11 19:23:17,921 - log\train.log - INFO - iteration:10 step:3/533, NER loss: 0.007928
2018-07-11 19:23:20,234 - log\train.log - INFO - iteration:10 step:103/533, NER loss: 0.032015
2018-07-11 19:23:22,476 - log\train.log - INFO - iteration:10 step:203/533, NER loss: 0.004656
2018-07-11 19:23:24,779 - log\train.log - INFO - iteration:10 step:303/533, NER loss: 0.003353
2018-07-11 19:23:27,084 - log\train.log - INFO - iteration:10 step:403/533, NER loss: 0.011392
2018-07-11 19:23:29,375 - log\train.log - INFO - iteration:10 step:503/533, NER loss: 0.049678
2018-07-11 19:23:30,026 - log\train.log - INFO - evaluate:dev
2018-07-11 19:23:30,717 - log\train.log - INFO - processed 12751 tokens with 3022 phrases; found: 3022 phrases; correct: 2995.

2018-07-11 19:23:30,717 - log\train.log - INFO - accuracy:  99.37%; precision:  99.11%; recall:  99.11%; FB1:  99.11

2018-07-11 19:23:30,717 - log\train.log - INFO -               ACT: precision: 100.00%; recall:  80.00%; FB1:  88.89  20

2018-07-11 19:23:30,717 - log\train.log - INFO -               ART: precision:  99.26%; recall:  99.93%; FB1:  99.59  1486

2018-07-11 19:23:30,717 - log\train.log - INFO -               IHS: precision: 100.00%; recall: 100.00%; FB1: 100.00  15

2018-07-11 19:23:30,717 - log\train.log - INFO -               LOC: precision: 100.00%; recall: 100.00%; FB1: 100.00  5

2018-07-11 19:23:30,717 - log\train.log - INFO -               MUS: precision:   0.00%; recall:   0.00%; FB1:   0.00  0

2018-07-11 19:23:30,717 - log\train.log - INFO -               PER: precision:   0.00%; recall:   0.00%; FB1:   0.00  0

2018-07-11 19:23:30,717 - log\train.log - INFO -               SNG: precision:  98.93%; recall:  99.93%; FB1:  99.43  1491

2018-07-11 19:23:30,717 - log\train.log - INFO -               TAG: precision: 100.00%; recall: 100.00%; FB1: 100.00  5

2018-07-11 19:23:30,720 - log\train.log - INFO - evaluate:test
2018-07-11 19:23:31,312 - log\train.log - INFO - processed 10332 tokens with 2427 phrases; found: 2432 phrases; correct: 2412.

2018-07-11 19:23:31,312 - log\train.log - INFO - accuracy:  99.81%; precision:  99.18%; recall:  99.38%; FB1:  99.28

2018-07-11 19:23:31,312 - log\train.log - INFO -               ACT: precision:  80.00%; recall:  80.00%; FB1:  80.00  25

2018-07-11 19:23:31,312 - log\train.log - INFO -               ART: precision:  99.58%; recall: 100.00%; FB1:  99.79  1186

2018-07-11 19:23:31,312 - log\train.log - INFO -               IHS: precision: 100.00%; recall: 100.00%; FB1: 100.00  15

2018-07-11 19:23:31,312 - log\train.log - INFO -               LOC: precision: 100.00%; recall: 100.00%; FB1: 100.00  5

2018-07-11 19:23:31,313 - log\train.log - INFO -               MUS: precision:  50.00%; recall:  50.00%; FB1:  50.00  10

2018-07-11 19:23:31,313 - log\train.log - INFO -               PER: precision:   0.00%; recall:   0.00%; FB1:   0.00  5

2018-07-11 19:23:31,313 - log\train.log - INFO -               SNG: precision: 100.00%; recall: 100.00%; FB1: 100.00  1181

2018-07-11 19:23:31,313 - log\train.log - INFO -               TAG: precision: 100.00%; recall: 100.00%; FB1: 100.00  5

2018-07-11 19:23:31,313 - log\train.log - INFO - epoch: 10
2018-07-11 19:23:32,938 - log\train.log - INFO - iteration:11 step:70/533, NER loss: 0.005446
2018-07-11 19:23:35,255 - log\train.log - INFO - iteration:11 step:170/533, NER loss: 0.007801
2018-07-11 19:23:37,506 - log\train.log - INFO - iteration:11 step:270/533, NER loss: 0.004634
2018-07-11 19:23:39,892 - log\train.log - INFO - iteration:11 step:370/533, NER loss: 0.009946
2018-07-11 19:23:42,226 - log\train.log - INFO - iteration:11 step:470/533, NER loss: 0.041076
2018-07-11 19:23:43,663 - log\train.log - INFO - evaluate:dev
2018-07-11 19:23:44,368 - log\train.log - INFO - processed 12751 tokens with 3022 phrases; found: 3035 phrases; correct: 3008.

2018-07-11 19:23:44,369 - log\train.log - INFO - accuracy:  99.78%; precision:  99.11%; recall:  99.54%; FB1:  99.32

2018-07-11 19:23:44,369 - log\train.log - INFO -               ACT: precision: 100.00%; recall: 100.00%; FB1: 100.00  25

2018-07-11 19:23:44,371 - log\train.log - INFO -               ART: precision:  99.39%; recall:  99.86%; FB1:  99.63  1483

2018-07-11 19:23:44,371 - log\train.log - INFO -               IHS: precision: 100.00%; recall: 100.00%; FB1: 100.00  15

2018-07-11 19:23:44,371 - log\train.log - INFO -               LOC: precision: 100.00%; recall: 100.00%; FB1: 100.00  5

2018-07-11 19:23:44,371 - log\train.log - INFO -               MUS: precision:  33.33%; recall:  50.00%; FB1:  40.00  15

2018-07-11 19:23:44,371 - log\train.log - INFO -               PER: precision:  50.00%; recall:  50.00%; FB1:  50.00  10

2018-07-11 19:23:44,371 - log\train.log - INFO -               SNG: precision:  99.80%; recall:  99.86%; FB1:  99.83  1477

2018-07-11 19:23:44,371 - log\train.log - INFO -               TAG: precision: 100.00%; recall: 100.00%; FB1: 100.00  5

2018-07-11 19:23:44,441 - log\train.log - INFO - new best dev f1 score:99.320
2018-07-11 19:23:44,855 - log\train.log - INFO - model saved
2018-07-11 19:23:44,855 - log\train.log - INFO - evaluate:test
2018-07-11 19:23:45,476 - log\train.log - INFO - processed 10332 tokens with 2427 phrases; found: 2424 phrases; correct: 2416.

2018-07-11 19:23:45,476 - log\train.log - INFO - accuracy:  99.81%; precision:  99.67%; recall:  99.55%; FB1:  99.61

2018-07-11 19:23:45,477 - log\train.log - INFO -               ACT: precision: 100.00%; recall:  80.00%; FB1:  88.89  20

2018-07-11 19:23:45,477 - log\train.log - INFO -               ART: precision:  99.92%; recall: 100.00%; FB1:  99.96  1182

2018-07-11 19:23:45,477 - log\train.log - INFO -               IHS: precision: 100.00%; recall: 100.00%; FB1: 100.00  15

2018-07-11 19:23:45,477 - log\train.log - INFO -               LOC: precision: 100.00%; recall: 100.00%; FB1: 100.00  5

2018-07-11 19:23:45,479 - log\train.log - INFO -               MUS: precision:  50.00%; recall:  50.00%; FB1:  50.00  10

2018-07-11 19:23:45,479 - log\train.log - INFO -               PER: precision: 100.00%; recall: 100.00%; FB1: 100.00  5

2018-07-11 19:23:45,479 - log\train.log - INFO -               SNG: precision:  99.83%; recall:  99.92%; FB1:  99.87  1182

2018-07-11 19:23:45,479 - log\train.log - INFO -               TAG: precision: 100.00%; recall: 100.00%; FB1: 100.00  5

2018-07-11 19:23:45,539 - log\train.log - INFO - new best test f1 score:99.610
2018-07-11 19:23:45,539 - log\train.log - INFO - epoch: 11
2018-07-11 19:23:46,371 - log\train.log - INFO - iteration:12 step:37/533, NER loss: 0.008725
2018-07-11 19:23:48,818 - log\train.log - INFO - iteration:12 step:137/533, NER loss: 0.003002
2018-07-11 19:23:51,236 - log\train.log - INFO - iteration:12 step:237/533, NER loss: 0.009695
2018-07-11 19:23:53,716 - log\train.log - INFO - iteration:12 step:337/533, NER loss: 0.037599
2018-07-11 19:23:56,187 - log\train.log - INFO - iteration:12 step:437/533, NER loss: 0.016292
2018-07-11 19:23:58,381 - log\train.log - INFO - evaluate:dev
2018-07-11 19:23:59,121 - log\train.log - INFO - processed 12751 tokens with 3022 phrases; found: 3027 phrases; correct: 3015.

2018-07-11 19:23:59,121 - log\train.log - INFO - accuracy:  99.84%; precision:  99.60%; recall:  99.77%; FB1:  99.69

2018-07-11 19:23:59,121 - log\train.log - INFO -               ACT: precision: 100.00%; recall: 100.00%; FB1: 100.00  25

2018-07-11 19:23:59,121 - log\train.log - INFO -               ART: precision:  99.93%; recall:  99.93%; FB1:  99.93  1476

2018-07-11 19:23:59,121 - log\train.log - INFO -               IHS: precision: 100.00%; recall: 100.00%; FB1: 100.00  15

2018-07-11 19:23:59,121 - log\train.log - INFO -               LOC: precision: 100.00%; recall: 100.00%; FB1: 100.00  5

2018-07-11 19:23:59,122 - log\train.log - INFO -               MUS: precision:  50.00%; recall:  50.00%; FB1:  50.00  10

2018-07-11 19:23:59,122 - log\train.log - INFO -               PER: precision: 100.00%; recall: 100.00%; FB1: 100.00  10

2018-07-11 19:23:59,122 - log\train.log - INFO -               SNG: precision:  99.59%; recall:  99.93%; FB1:  99.76  1481

2018-07-11 19:23:59,122 - log\train.log - INFO -               TAG: precision: 100.00%; recall: 100.00%; FB1: 100.00  5

2018-07-11 19:23:59,184 - log\train.log - INFO - new best dev f1 score:99.690
2018-07-11 19:23:59,589 - log\train.log - INFO - model saved
2018-07-11 19:23:59,589 - log\train.log - INFO - evaluate:test
2018-07-11 19:24:00,236 - log\train.log - INFO - processed 10332 tokens with 2427 phrases; found: 2423 phrases; correct: 2416.

2018-07-11 19:24:00,237 - log\train.log - INFO - accuracy:  99.85%; precision:  99.71%; recall:  99.55%; FB1:  99.63

2018-07-11 19:24:00,237 - log\train.log - INFO -               ACT: precision: 100.00%; recall:  80.00%; FB1:  88.89  20

2018-07-11 19:24:00,237 - log\train.log - INFO -               ART: precision:  99.83%; recall:  99.92%; FB1:  99.87  1182

2018-07-11 19:24:00,237 - log\train.log - INFO -               IHS: precision: 100.00%; recall: 100.00%; FB1: 100.00  15

2018-07-11 19:24:00,237 - log\train.log - INFO -               LOC: precision: 100.00%; recall: 100.00%; FB1: 100.00  5

2018-07-11 19:24:00,237 - log\train.log - INFO -               MUS: precision:  50.00%; recall:  50.00%; FB1:  50.00  10

2018-07-11 19:24:00,239 - log\train.log - INFO -               PER: precision: 100.00%; recall: 100.00%; FB1: 100.00  5

2018-07-11 19:24:00,239 - log\train.log - INFO -               SNG: precision: 100.00%; recall: 100.00%; FB1: 100.00  1181

2018-07-11 19:24:00,239 - log\train.log - INFO -               TAG: precision: 100.00%; recall: 100.00%; FB1: 100.00  5

2018-07-11 19:24:00,298 - log\train.log - INFO - new best test f1 score:99.630
2018-07-11 19:24:00,299 - log\train.log - INFO - epoch: 12
2018-07-11 19:24:00,407 - log\train.log - INFO - iteration:13 step:4/533, NER loss: 0.013956
2018-07-11 19:24:02,969 - log\train.log - INFO - iteration:13 step:104/533, NER loss: 0.001385
2018-07-11 19:24:05,227 - log\train.log - INFO - iteration:13 step:204/533, NER loss: 0.001073
2018-07-11 19:24:07,463 - log\train.log - INFO - iteration:13 step:304/533, NER loss: 0.001633
2018-07-11 19:24:09,845 - log\train.log - INFO - iteration:13 step:404/533, NER loss: 0.009217
2018-07-11 19:24:12,081 - log\train.log - INFO - iteration:13 step:504/533, NER loss: 0.026431
2018-07-11 19:24:12,673 - log\train.log - INFO - evaluate:dev
2018-07-11 19:24:13,384 - log\train.log - INFO - processed 12751 tokens with 3022 phrases; found: 3022 phrases; correct: 3020.

2018-07-11 19:24:13,384 - log\train.log - INFO - accuracy:  99.96%; precision:  99.93%; recall:  99.93%; FB1:  99.93

2018-07-11 19:24:13,384 - log\train.log - INFO -               ACT: precision: 100.00%; recall: 100.00%; FB1: 100.00  25

2018-07-11 19:24:13,384 - log\train.log - INFO -               ART: precision:  99.93%; recall:  99.93%; FB1:  99.93  1476

2018-07-11 19:24:13,385 - log\train.log - INFO -               IHS: precision: 100.00%; recall: 100.00%; FB1: 100.00  15

2018-07-11 19:24:13,385 - log\train.log - INFO -               LOC: precision: 100.00%; recall: 100.00%; FB1: 100.00  5

2018-07-11 19:24:13,385 - log\train.log - INFO -               MUS: precision: 100.00%; recall: 100.00%; FB1: 100.00  10

2018-07-11 19:24:13,385 - log\train.log - INFO -               PER: precision: 100.00%; recall: 100.00%; FB1: 100.00  10

2018-07-11 19:24:13,387 - log\train.log - INFO -               SNG: precision:  99.93%; recall:  99.93%; FB1:  99.93  1476

2018-07-11 19:24:13,387 - log\train.log - INFO -               TAG: precision: 100.00%; recall: 100.00%; FB1: 100.00  5

2018-07-11 19:24:13,451 - log\train.log - INFO - new best dev f1 score:99.930
2018-07-11 19:24:14,059 - log\train.log - INFO - model saved
2018-07-11 19:24:14,059 - log\train.log - INFO - evaluate:test
2018-07-11 19:24:14,671 - log\train.log - INFO - processed 10332 tokens with 2427 phrases; found: 2423 phrases; correct: 2415.

2018-07-11 19:24:14,671 - log\train.log - INFO - accuracy:  99.78%; precision:  99.67%; recall:  99.51%; FB1:  99.59

2018-07-11 19:24:14,671 - log\train.log - INFO -               ACT: precision: 100.00%; recall:  80.00%; FB1:  88.89  20

2018-07-11 19:24:14,671 - log\train.log - INFO -               ART: precision:  99.83%; recall:  99.92%; FB1:  99.87  1182

2018-07-11 19:24:14,671 - log\train.log - INFO -               IHS: precision: 100.00%; recall: 100.00%; FB1: 100.00  15

2018-07-11 19:24:14,671 - log\train.log - INFO -               LOC: precision: 100.00%; recall: 100.00%; FB1: 100.00  5

2018-07-11 19:24:14,671 - log\train.log - INFO -               MUS: precision:  45.45%; recall:  50.00%; FB1:  47.62  11

2018-07-11 19:24:14,671 - log\train.log - INFO -               PER: precision: 100.00%; recall: 100.00%; FB1: 100.00  5

2018-07-11 19:24:14,671 - log\train.log - INFO -               SNG: precision: 100.00%; recall:  99.92%; FB1:  99.96  1180

2018-07-11 19:24:14,673 - log\train.log - INFO -               TAG: precision: 100.00%; recall: 100.00%; FB1: 100.00  5

2018-07-11 19:24:14,673 - log\train.log - INFO - epoch: 13
2018-07-11 19:24:16,348 - log\train.log - INFO - iteration:14 step:71/533, NER loss: 0.042130
2018-07-11 19:24:18,581 - log\train.log - INFO - iteration:14 step:171/533, NER loss: 0.002945
2018-07-11 19:24:20,835 - log\train.log - INFO - iteration:14 step:271/533, NER loss: 0.002699
2018-07-11 19:24:23,184 - log\train.log - INFO - iteration:14 step:371/533, NER loss: 0.004475
2018-07-11 19:24:25,305 - log\train.log - INFO - iteration:14 step:471/533, NER loss: 0.002298
2018-07-11 19:24:26,683 - log\train.log - INFO - evaluate:dev
2018-07-11 19:24:27,391 - log\train.log - INFO - processed 12751 tokens with 3022 phrases; found: 3027 phrases; correct: 3005.

2018-07-11 19:24:27,391 - log\train.log - INFO - accuracy:  99.65%; precision:  99.27%; recall:  99.44%; FB1:  99.36

2018-07-11 19:24:27,391 - log\train.log - INFO -               ACT: precision: 100.00%; recall: 100.00%; FB1: 100.00  25

2018-07-11 19:24:27,391 - log\train.log - INFO -               ART: precision:  99.59%; recall:  99.93%; FB1:  99.76  1481

2018-07-11 19:24:27,391 - log\train.log - INFO -               IHS: precision: 100.00%; recall: 100.00%; FB1: 100.00  15

2018-07-11 19:24:27,391 - log\train.log - INFO -               LOC: precision: 100.00%; recall: 100.00%; FB1: 100.00  5

2018-07-11 19:24:27,392 - log\train.log - INFO -               MUS: precision:   0.00%; recall:   0.00%; FB1:   0.00  0

2018-07-11 19:24:27,392 - log\train.log - INFO -               PER: precision:  50.00%; recall:  50.00%; FB1:  50.00  10

2018-07-11 19:24:27,392 - log\train.log - INFO -               SNG: precision:  99.26%; recall:  99.93%; FB1:  99.59  1486

2018-07-11 19:24:27,392 - log\train.log - INFO -               TAG: precision: 100.00%; recall: 100.00%; FB1: 100.00  5

2018-07-11 19:24:27,394 - log\train.log - INFO - evaluate:test
2018-07-11 19:24:27,970 - log\train.log - INFO - processed 10332 tokens with 2427 phrases; found: 2427 phrases; correct: 2412.

2018-07-11 19:24:27,971 - log\train.log - INFO - accuracy:  99.76%; precision:  99.38%; recall:  99.38%; FB1:  99.38

2018-07-11 19:24:27,973 - log\train.log - INFO -               ACT: precision: 100.00%; recall:  80.00%; FB1:  88.89  20

2018-07-11 19:24:27,973 - log\train.log - INFO -               ART: precision:  99.58%; recall: 100.00%; FB1:  99.79  1186

2018-07-11 19:24:27,973 - log\train.log - INFO -               IHS: precision: 100.00%; recall: 100.00%; FB1: 100.00  15

2018-07-11 19:24:27,973 - log\train.log - INFO -               LOC: precision: 100.00%; recall: 100.00%; FB1: 100.00  5

2018-07-11 19:24:27,973 - log\train.log - INFO -               MUS: precision:  50.00%; recall:  50.00%; FB1:  50.00  10

2018-07-11 19:24:27,973 - log\train.log - INFO -               PER: precision:   0.00%; recall:   0.00%; FB1:   0.00  5

2018-07-11 19:24:27,973 - log\train.log - INFO -               SNG: precision: 100.00%; recall: 100.00%; FB1: 100.00  1181

2018-07-11 19:24:27,973 - log\train.log - INFO -               TAG: precision: 100.00%; recall: 100.00%; FB1: 100.00  5

2018-07-11 19:24:27,974 - log\train.log - INFO - epoch: 14
2018-07-11 19:24:28,776 - log\train.log - INFO - iteration:15 step:38/533, NER loss: 0.002401
2018-07-11 19:24:31,142 - log\train.log - INFO - iteration:15 step:138/533, NER loss: 0.000708
2018-07-11 19:24:33,338 - log\train.log - INFO - iteration:15 step:238/533, NER loss: 0.000499
2018-07-11 19:24:35,618 - log\train.log - INFO - iteration:15 step:338/533, NER loss: 0.001251
2018-07-11 19:24:37,885 - log\train.log - INFO - iteration:15 step:438/533, NER loss: 0.000812
2018-07-11 19:24:40,105 - log\train.log - INFO - evaluate:dev
2018-07-11 19:24:40,845 - log\train.log - INFO - processed 12751 tokens with 3022 phrases; found: 3022 phrases; correct: 3015.

2018-07-11 19:24:40,845 - log\train.log - INFO - accuracy:  99.80%; precision:  99.77%; recall:  99.77%; FB1:  99.77

2018-07-11 19:24:40,846 - log\train.log - INFO -               ACT: precision: 100.00%; recall: 100.00%; FB1: 100.00  25

2018-07-11 19:24:40,846 - log\train.log - INFO -               ART: precision:  99.93%; recall:  99.93%; FB1:  99.93  1476

2018-07-11 19:24:40,846 - log\train.log - INFO -               IHS: precision: 100.00%; recall: 100.00%; FB1: 100.00  15

2018-07-11 19:24:40,846 - log\train.log - INFO -               LOC: precision: 100.00%; recall: 100.00%; FB1: 100.00  5

2018-07-11 19:24:40,846 - log\train.log - INFO -               MUS: precision: 100.00%; recall:  50.00%; FB1:  66.67  5

2018-07-11 19:24:40,848 - log\train.log - INFO -               PER: precision: 100.00%; recall: 100.00%; FB1: 100.00  10

2018-07-11 19:24:40,848 - log\train.log - INFO -               SNG: precision:  99.59%; recall:  99.93%; FB1:  99.76  1481

2018-07-11 19:24:40,848 - log\train.log - INFO -               TAG: precision: 100.00%; recall: 100.00%; FB1: 100.00  5

2018-07-11 19:24:40,848 - log\train.log - INFO - evaluate:test
2018-07-11 19:24:41,453 - log\train.log - INFO - processed 10332 tokens with 2427 phrases; found: 2427 phrases; correct: 2412.

2018-07-11 19:24:41,453 - log\train.log - INFO - accuracy:  99.76%; precision:  99.38%; recall:  99.38%; FB1:  99.38

2018-07-11 19:24:41,453 - log\train.log - INFO -               ACT: precision: 100.00%; recall:  80.00%; FB1:  88.89  20

2018-07-11 19:24:41,453 - log\train.log - INFO -               ART: precision:  99.58%; recall: 100.00%; FB1:  99.79  1186

2018-07-11 19:24:41,453 - log\train.log - INFO -               IHS: precision: 100.00%; recall: 100.00%; FB1: 100.00  15

2018-07-11 19:24:41,453 - log\train.log - INFO -               LOC: precision: 100.00%; recall: 100.00%; FB1: 100.00  5

2018-07-11 19:24:41,453 - log\train.log - INFO -               MUS: precision:  50.00%; recall:  50.00%; FB1:  50.00  10

2018-07-11 19:24:41,453 - log\train.log - INFO -               PER: precision:   0.00%; recall:   0.00%; FB1:   0.00  5

2018-07-11 19:24:41,453 - log\train.log - INFO -               SNG: precision: 100.00%; recall: 100.00%; FB1: 100.00  1181

2018-07-11 19:24:41,453 - log\train.log - INFO -               TAG: precision: 100.00%; recall: 100.00%; FB1: 100.00  5

2018-07-11 19:24:41,454 - log\train.log - INFO - epoch: 15
2018-07-11 19:24:41,582 - log\train.log - INFO - iteration:16 step:5/533, NER loss: 0.022342
2018-07-11 19:24:44,068 - log\train.log - INFO - iteration:16 step:105/533, NER loss: 0.003836
2018-07-11 19:24:46,285 - log\train.log - INFO - iteration:16 step:205/533, NER loss: 0.001326
2018-07-11 19:24:48,592 - log\train.log - INFO - iteration:16 step:305/533, NER loss: 0.007780
2018-07-11 19:24:50,770 - log\train.log - INFO - iteration:16 step:405/533, NER loss: 0.006322
2018-07-11 19:24:52,960 - log\train.log - INFO - iteration:16 step:505/533, NER loss: 0.001882
2018-07-11 19:24:53,581 - log\train.log - INFO - evaluate:dev
2018-07-11 19:24:54,309 - log\train.log - INFO - processed 12751 tokens with 3022 phrases; found: 3027 phrases; correct: 3015.

2018-07-11 19:24:54,309 - log\train.log - INFO - accuracy:  99.88%; precision:  99.60%; recall:  99.77%; FB1:  99.69

2018-07-11 19:24:54,309 - log\train.log - INFO -               ACT: precision: 100.00%; recall: 100.00%; FB1: 100.00  25

2018-07-11 19:24:54,309 - log\train.log - INFO -               ART: precision:  99.93%; recall:  99.93%; FB1:  99.93  1476

2018-07-11 19:24:54,311 - log\train.log - INFO -               IHS: precision: 100.00%; recall: 100.00%; FB1: 100.00  15

2018-07-11 19:24:54,311 - log\train.log - INFO -               LOC: precision: 100.00%; recall: 100.00%; FB1: 100.00  5

2018-07-11 19:24:54,311 - log\train.log - INFO -               MUS: precision:  33.33%; recall:  50.00%; FB1:  40.00  15

2018-07-11 19:24:54,312 - log\train.log - INFO -               PER: precision: 100.00%; recall: 100.00%; FB1: 100.00  10

2018-07-11 19:24:54,312 - log\train.log - INFO -               SNG: precision:  99.93%; recall:  99.93%; FB1:  99.93  1476

2018-07-11 19:24:54,312 - log\train.log - INFO -               TAG: precision: 100.00%; recall: 100.00%; FB1: 100.00  5

2018-07-11 19:24:54,312 - log\train.log - INFO - evaluate:test
2018-07-11 19:24:54,915 - log\train.log - INFO - processed 10332 tokens with 2427 phrases; found: 2422 phrases; correct: 2417.

2018-07-11 19:24:54,927 - log\train.log - INFO - accuracy:  99.85%; precision:  99.79%; recall:  99.59%; FB1:  99.69

2018-07-11 19:24:54,928 - log\train.log - INFO -               ACT: precision: 100.00%; recall:  80.00%; FB1:  88.89  20

2018-07-11 19:24:54,928 - log\train.log - INFO -               ART: precision: 100.00%; recall: 100.00%; FB1: 100.00  1181

2018-07-11 19:24:54,930 - log\train.log - INFO -               IHS: precision: 100.00%; recall: 100.00%; FB1: 100.00  15

2018-07-11 19:24:54,930 - log\train.log - INFO -               LOC: precision: 100.00%; recall: 100.00%; FB1: 100.00  5

2018-07-11 19:24:54,930 - log\train.log - INFO -               MUS: precision:  50.00%; recall:  50.00%; FB1:  50.00  10

2018-07-11 19:24:54,930 - log\train.log - INFO -               PER: precision: 100.00%; recall: 100.00%; FB1: 100.00  5

2018-07-11 19:24:54,930 - log\train.log - INFO -               SNG: precision: 100.00%; recall: 100.00%; FB1: 100.00  1181

2018-07-11 19:24:54,930 - log\train.log - INFO -               TAG: precision: 100.00%; recall: 100.00%; FB1: 100.00  5

2018-07-11 19:24:54,986 - log\train.log - INFO - new best test f1 score:99.690
2018-07-11 19:24:54,987 - log\train.log - INFO - epoch: 16
2018-07-11 19:24:56,642 - log\train.log - INFO - iteration:17 step:72/533, NER loss: 0.001594
2018-07-11 19:24:58,852 - log\train.log - INFO - iteration:17 step:172/533, NER loss: 0.000501
2018-07-11 19:25:01,134 - log\train.log - INFO - iteration:17 step:272/533, NER loss: 0.000356
2018-07-11 19:25:03,368 - log\train.log - INFO - iteration:17 step:372/533, NER loss: 0.000964
2018-07-11 19:25:05,665 - log\train.log - INFO - iteration:17 step:472/533, NER loss: 0.000076
2018-07-11 19:25:07,035 - log\train.log - INFO - evaluate:dev
2018-07-11 19:25:07,726 - log\train.log - INFO - processed 12751 tokens with 3022 phrases; found: 3027 phrases; correct: 3015.

2018-07-11 19:25:07,733 - log\train.log - INFO - accuracy:  99.88%; precision:  99.60%; recall:  99.77%; FB1:  99.69

2018-07-11 19:25:07,733 - log\train.log - INFO -               ACT: precision: 100.00%; recall: 100.00%; FB1: 100.00  25

2018-07-11 19:25:07,733 - log\train.log - INFO -               ART: precision:  99.93%; recall:  99.93%; FB1:  99.93  1476

2018-07-11 19:25:07,733 - log\train.log - INFO -               IHS: precision: 100.00%; recall: 100.00%; FB1: 100.00  15

2018-07-11 19:25:07,733 - log\train.log - INFO -               LOC: precision: 100.00%; recall: 100.00%; FB1: 100.00  5

2018-07-11 19:25:07,734 - log\train.log - INFO -               MUS: precision:  33.33%; recall:  50.00%; FB1:  40.00  15

2018-07-11 19:25:07,734 - log\train.log - INFO -               PER: precision: 100.00%; recall: 100.00%; FB1: 100.00  10

2018-07-11 19:25:07,734 - log\train.log - INFO -               SNG: precision:  99.93%; recall:  99.93%; FB1:  99.93  1476

2018-07-11 19:25:07,734 - log\train.log - INFO -               TAG: precision: 100.00%; recall: 100.00%; FB1: 100.00  5

2018-07-11 19:25:07,736 - log\train.log - INFO - evaluate:test
2018-07-11 19:25:08,328 - log\train.log - INFO - processed 10332 tokens with 2427 phrases; found: 2422 phrases; correct: 2416.

2018-07-11 19:25:08,329 - log\train.log - INFO - accuracy:  99.84%; precision:  99.75%; recall:  99.55%; FB1:  99.65

2018-07-11 19:25:08,329 - log\train.log - INFO -               ACT: precision: 100.00%; recall:  80.00%; FB1:  88.89  20

2018-07-11 19:25:08,329 - log\train.log - INFO -               ART: precision: 100.00%; recall: 100.00%; FB1: 100.00  1181

2018-07-11 19:25:08,329 - log\train.log - INFO -               IHS: precision: 100.00%; recall: 100.00%; FB1: 100.00  15

2018-07-11 19:25:08,329 - log\train.log - INFO -               LOC: precision: 100.00%; recall: 100.00%; FB1: 100.00  5

2018-07-11 19:25:08,329 - log\train.log - INFO -               MUS: precision:  45.45%; recall:  50.00%; FB1:  47.62  11

2018-07-11 19:25:08,331 - log\train.log - INFO -               PER: precision: 100.00%; recall: 100.00%; FB1: 100.00  5

2018-07-11 19:25:08,331 - log\train.log - INFO -               SNG: precision: 100.00%; recall:  99.92%; FB1:  99.96  1180

2018-07-11 19:25:08,331 - log\train.log - INFO -               TAG: precision: 100.00%; recall: 100.00%; FB1: 100.00  5

2018-07-11 19:25:08,331 - log\train.log - INFO - epoch: 17
2018-07-11 19:25:09,206 - log\train.log - INFO - iteration:18 step:39/533, NER loss: 0.010208
2018-07-11 19:25:11,415 - log\train.log - INFO - iteration:18 step:139/533, NER loss: 0.000933
2018-07-11 19:25:13,801 - log\train.log - INFO - iteration:18 step:239/533, NER loss: 0.000287
2018-07-11 19:25:16,038 - log\train.log - INFO - iteration:18 step:339/533, NER loss: 0.000864
2018-07-11 19:25:18,275 - log\train.log - INFO - iteration:18 step:439/533, NER loss: 0.008602
2018-07-11 19:25:20,335 - log\train.log - INFO - evaluate:dev
2018-07-11 19:25:21,026 - log\train.log - INFO - processed 12751 tokens with 3022 phrases; found: 3027 phrases; correct: 3015.

2018-07-11 19:25:21,026 - log\train.log - INFO - accuracy:  99.84%; precision:  99.60%; recall:  99.77%; FB1:  99.69

2018-07-11 19:25:21,026 - log\train.log - INFO -               ACT: precision: 100.00%; recall: 100.00%; FB1: 100.00  25

2018-07-11 19:25:21,026 - log\train.log - INFO -               ART: precision:  99.93%; recall:  99.93%; FB1:  99.93  1476

2018-07-11 19:25:21,026 - log\train.log - INFO -               IHS: precision: 100.00%; recall: 100.00%; FB1: 100.00  15

2018-07-11 19:25:21,028 - log\train.log - INFO -               LOC: precision: 100.00%; recall: 100.00%; FB1: 100.00  5

2018-07-11 19:25:21,028 - log\train.log - INFO -               MUS: precision:  50.00%; recall:  50.00%; FB1:  50.00  10

2018-07-11 19:25:21,028 - log\train.log - INFO -               PER: precision: 100.00%; recall: 100.00%; FB1: 100.00  10

2018-07-11 19:25:21,029 - log\train.log - INFO -               SNG: precision:  99.59%; recall:  99.93%; FB1:  99.76  1481

2018-07-11 19:25:21,029 - log\train.log - INFO -               TAG: precision: 100.00%; recall: 100.00%; FB1: 100.00  5

2018-07-11 19:25:21,029 - log\train.log - INFO - evaluate:test
2018-07-11 19:25:21,605 - log\train.log - INFO - processed 10332 tokens with 2427 phrases; found: 2427 phrases; correct: 2417.

2018-07-11 19:25:21,607 - log\train.log - INFO - accuracy:  99.81%; precision:  99.59%; recall:  99.59%; FB1:  99.59

2018-07-11 19:25:21,607 - log\train.log - INFO -               ACT: precision: 100.00%; recall: 100.00%; FB1: 100.00  25

2018-07-11 19:25:21,607 - log\train.log - INFO -               ART: precision: 100.00%; recall: 100.00%; FB1: 100.00  1181

2018-07-11 19:25:21,608 - log\train.log - INFO -               IHS: precision: 100.00%; recall: 100.00%; FB1: 100.00  15

2018-07-11 19:25:21,608 - log\train.log - INFO -               LOC: precision: 100.00%; recall: 100.00%; FB1: 100.00  5

2018-07-11 19:25:21,608 - log\train.log - INFO -               MUS: precision:   0.00%; recall:   0.00%; FB1:   0.00  0

2018-07-11 19:25:21,608 - log\train.log - INFO -               PER: precision: 100.00%; recall: 100.00%; FB1: 100.00  5

2018-07-11 19:25:21,608 - log\train.log - INFO -               SNG: precision:  99.16%; recall: 100.00%; FB1:  99.58  1191

2018-07-11 19:25:21,608 - log\train.log - INFO -               TAG: precision: 100.00%; recall: 100.00%; FB1: 100.00  5

2018-07-11 19:25:21,608 - log\train.log - INFO - epoch: 18
2018-07-11 19:25:21,750 - log\train.log - INFO - iteration:19 step:6/533, NER loss: 0.002247
2018-07-11 19:25:24,055 - log\train.log - INFO - iteration:19 step:106/533, NER loss: 0.000762
2018-07-11 19:25:26,240 - log\train.log - INFO - iteration:19 step:206/533, NER loss: 0.000909
2018-07-11 19:25:28,375 - log\train.log - INFO - iteration:19 step:306/533, NER loss: 0.000473
2018-07-11 19:25:30,772 - log\train.log - INFO - iteration:19 step:406/533, NER loss: 0.007723
2018-07-11 19:25:33,221 - log\train.log - INFO - iteration:19 step:506/533, NER loss: 0.002306
2018-07-11 19:25:33,782 - log\train.log - INFO - evaluate:dev
2018-07-11 19:25:34,467 - log\train.log - INFO - processed 12751 tokens with 3022 phrases; found: 3017 phrases; correct: 2990.

2018-07-11 19:25:34,470 - log\train.log - INFO - accuracy:  99.29%; precision:  99.11%; recall:  98.94%; FB1:  99.02

2018-07-11 19:25:34,471 - log\train.log - INFO -               ACT: precision: 100.00%; recall:  60.00%; FB1:  75.00  15

2018-07-11 19:25:34,471 - log\train.log - INFO -               ART: precision:  99.26%; recall:  99.93%; FB1:  99.59  1486

2018-07-11 19:25:34,471 - log\train.log - INFO -               IHS: precision: 100.00%; recall: 100.00%; FB1: 100.00  15

2018-07-11 19:25:34,471 - log\train.log - INFO -               LOC: precision: 100.00%; recall: 100.00%; FB1: 100.00  5

2018-07-11 19:25:34,473 - log\train.log - INFO -               MUS: precision:   0.00%; recall:   0.00%; FB1:   0.00  0

2018-07-11 19:25:34,473 - log\train.log - INFO -               PER: precision:   0.00%; recall:   0.00%; FB1:   0.00  0

2018-07-11 19:25:34,473 - log\train.log - INFO -               SNG: precision:  98.93%; recall:  99.93%; FB1:  99.43  1491

2018-07-11 19:25:34,473 - log\train.log - INFO -               TAG: precision: 100.00%; recall: 100.00%; FB1: 100.00  5

2018-07-11 19:25:34,473 - log\train.log - INFO - evaluate:test
2018-07-11 19:25:35,088 - log\train.log - INFO - processed 10332 tokens with 2427 phrases; found: 2429 phrases; correct: 2411.

2018-07-11 19:25:35,088 - log\train.log - INFO - accuracy:  99.58%; precision:  99.26%; recall:  99.34%; FB1:  99.30

2018-07-11 19:25:35,089 - log\train.log - INFO -               ACT: precision: 100.00%; recall:  80.00%; FB1:  88.89  20

2018-07-11 19:25:35,089 - log\train.log - INFO -               ART: precision:  99.49%; recall: 100.00%; FB1:  99.75  1187

2018-07-11 19:25:35,089 - log\train.log - INFO -               IHS: precision: 100.00%; recall: 100.00%; FB1: 100.00  15

2018-07-11 19:25:35,091 - log\train.log - INFO -               LOC: precision: 100.00%; recall: 100.00%; FB1: 100.00  5

2018-07-11 19:25:35,091 - log\train.log - INFO -               MUS: precision: 100.00%; recall:  50.00%; FB1:  66.67  5

2018-07-11 19:25:35,091 - log\train.log - INFO -               PER: precision:   0.00%; recall:   0.00%; FB1:   0.00  0

2018-07-11 19:25:35,091 - log\train.log - INFO -               SNG: precision:  98.99%; recall:  99.92%; FB1:  99.45  1192

2018-07-11 19:25:35,092 - log\train.log - INFO -               TAG: precision: 100.00%; recall: 100.00%; FB1: 100.00  5

2018-07-11 19:25:35,092 - log\train.log - INFO - epoch: 19
2018-07-11 19:25:36,724 - log\train.log - INFO - iteration:20 step:73/533, NER loss: 0.000082
2018-07-11 19:25:38,933 - log\train.log - INFO - iteration:20 step:173/533, NER loss: 0.016357
2018-07-11 19:25:41,145 - log\train.log - INFO - iteration:20 step:273/533, NER loss: 0.001553
2018-07-11 19:25:43,539 - log\train.log - INFO - iteration:20 step:373/533, NER loss: 0.019066
2018-07-11 19:25:45,714 - log\train.log - INFO - iteration:20 step:473/533, NER loss: 0.003321
2018-07-11 19:25:47,073 - log\train.log - INFO - evaluate:dev
2018-07-11 19:25:47,785 - log\train.log - INFO - processed 12751 tokens with 3022 phrases; found: 3027 phrases; correct: 2997.

2018-07-11 19:25:47,785 - log\train.log - INFO - accuracy:  99.48%; precision:  99.01%; recall:  99.17%; FB1:  99.09

2018-07-11 19:25:47,785 - log\train.log - INFO -               ACT: precision: 100.00%; recall:  80.00%; FB1:  88.89  20

2018-07-11 19:25:47,785 - log\train.log - INFO -               ART: precision:  99.33%; recall: 100.00%; FB1:  99.66  1486

2018-07-11 19:25:47,785 - log\train.log - INFO -               IHS: precision: 100.00%; recall: 100.00%; FB1: 100.00  15

2018-07-11 19:25:47,785 - log\train.log - INFO -               LOC: precision: 100.00%; recall: 100.00%; FB1: 100.00  5

2018-07-11 19:25:47,785 - log\train.log - INFO -               MUS: precision:   0.00%; recall:   0.00%; FB1:   0.00  5

2018-07-11 19:25:47,786 - log\train.log - INFO -               PER: precision:   0.00%; recall:   0.00%; FB1:   0.00  5

2018-07-11 19:25:47,786 - log\train.log - INFO -               SNG: precision:  99.33%; recall: 100.00%; FB1:  99.66  1486

2018-07-11 19:25:47,786 - log\train.log - INFO -               TAG: precision: 100.00%; recall: 100.00%; FB1: 100.00  5

2018-07-11 19:25:47,786 - log\train.log - INFO - evaluate:test
2018-07-11 19:25:48,470 - log\train.log - INFO - processed 10332 tokens with 2427 phrases; found: 2434 phrases; correct: 2416.

2018-07-11 19:25:48,470 - log\train.log - INFO - accuracy:  99.71%; precision:  99.26%; recall:  99.55%; FB1:  99.40

2018-07-11 19:25:48,470 - log\train.log - INFO -               ACT: precision: 100.00%; recall: 100.00%; FB1: 100.00  25

2018-07-11 19:25:48,470 - log\train.log - INFO -               ART: precision:  99.49%; recall: 100.00%; FB1:  99.75  1187

2018-07-11 19:25:48,470 - log\train.log - INFO -               IHS: precision: 100.00%; recall: 100.00%; FB1: 100.00  15

2018-07-11 19:25:48,470 - log\train.log - INFO -               LOC: precision: 100.00%; recall: 100.00%; FB1: 100.00  5

2018-07-11 19:25:48,470 - log\train.log - INFO -               MUS: precision: 100.00%; recall:  50.00%; FB1:  66.67  5

2018-07-11 19:25:48,470 - log\train.log - INFO -               PER: precision:   0.00%; recall:   0.00%; FB1:   0.00  5

2018-07-11 19:25:48,470 - log\train.log - INFO -               SNG: precision:  99.41%; recall:  99.92%; FB1:  99.66  1187

2018-07-11 19:25:48,470 - log\train.log - INFO -               TAG: precision: 100.00%; recall: 100.00%; FB1: 100.00  5

2018-07-11 19:25:48,471 - log\train.log - INFO - epoch: 20
2018-07-11 19:25:49,444 - log\train.log - INFO - iteration:21 step:40/533, NER loss: 0.000463
2018-07-11 19:25:51,769 - log\train.log - INFO - iteration:21 step:140/533, NER loss: 0.000619
2018-07-11 19:25:54,017 - log\train.log - INFO - iteration:21 step:240/533, NER loss: 0.013730
2018-07-11 19:25:56,161 - log\train.log - INFO - iteration:21 step:340/533, NER loss: 0.002723
2018-07-11 19:25:58,423 - log\train.log - INFO - iteration:21 step:440/533, NER loss: 0.000178
2018-07-11 19:26:00,493 - log\train.log - INFO - evaluate:dev
2018-07-11 19:26:01,220 - log\train.log - INFO - processed 12751 tokens with 3022 phrases; found: 3037 phrases; correct: 2995.

2018-07-11 19:26:01,221 - log\train.log - INFO - accuracy:  99.49%; precision:  98.62%; recall:  99.11%; FB1:  98.86

2018-07-11 19:26:01,221 - log\train.log - INFO -               ACT: precision: 100.00%; recall:  80.00%; FB1:  88.89  20

2018-07-11 19:26:01,221 - log\train.log - INFO -               ART: precision:  98.93%; recall:  99.93%; FB1:  99.43  1491

2018-07-11 19:26:01,221 - log\train.log - INFO -               IHS: precision: 100.00%; recall: 100.00%; FB1: 100.00  15

2018-07-11 19:26:01,221 - log\train.log - INFO -               LOC: precision: 100.00%; recall: 100.00%; FB1: 100.00  5

2018-07-11 19:26:01,223 - log\train.log - INFO -               MUS: precision:   0.00%; recall:   0.00%; FB1:   0.00  5

2018-07-11 19:26:01,223 - log\train.log - INFO -               PER: precision:   0.00%; recall:   0.00%; FB1:   0.00  10

2018-07-11 19:26:01,223 - log\train.log - INFO -               SNG: precision:  99.26%; recall:  99.93%; FB1:  99.59  1486

2018-07-11 19:26:01,223 - log\train.log - INFO -               TAG: precision: 100.00%; recall: 100.00%; FB1: 100.00  5

2018-07-11 19:26:01,223 - log\train.log - INFO - evaluate:test
2018-07-11 19:26:01,809 - log\train.log - INFO - processed 10332 tokens with 2427 phrases; found: 2433 phrases; correct: 2416.

2018-07-11 19:26:01,809 - log\train.log - INFO - accuracy:  99.70%; precision:  99.30%; recall:  99.55%; FB1:  99.42

2018-07-11 19:26:01,809 - log\train.log - INFO -               ACT: precision: 100.00%; recall: 100.00%; FB1: 100.00  25

2018-07-11 19:26:01,809 - log\train.log - INFO -               ART: precision:  99.49%; recall: 100.00%; FB1:  99.75  1187

2018-07-11 19:26:01,811 - log\train.log - INFO -               IHS: precision: 100.00%; recall: 100.00%; FB1: 100.00  15

2018-07-11 19:26:01,811 - log\train.log - INFO -               LOC: precision: 100.00%; recall: 100.00%; FB1: 100.00  5

2018-07-11 19:26:01,811 - log\train.log - INFO -               MUS: precision: 100.00%; recall:  50.00%; FB1:  66.67  5

2018-07-11 19:26:01,811 - log\train.log - INFO -               PER: precision:   0.00%; recall:   0.00%; FB1:   0.00  5

2018-07-11 19:26:01,811 - log\train.log - INFO -               SNG: precision:  99.49%; recall:  99.92%; FB1:  99.70  1186

2018-07-11 19:26:01,812 - log\train.log - INFO -               TAG: precision: 100.00%; recall: 100.00%; FB1: 100.00  5

2018-07-11 19:26:01,812 - log\train.log - INFO - epoch: 21
2018-07-11 19:26:01,999 - log\train.log - INFO - iteration:22 step:7/533, NER loss: 0.000944
2018-07-11 19:26:04,358 - log\train.log - INFO - iteration:22 step:107/533, NER loss: 0.000609
2018-07-11 19:26:06,688 - log\train.log - INFO - iteration:22 step:207/533, NER loss: 0.000476
2018-07-11 19:26:09,066 - log\train.log - INFO - iteration:22 step:307/533, NER loss: 0.000193
2018-07-11 19:26:11,510 - log\train.log - INFO - iteration:22 step:407/533, NER loss: 0.006347
2018-07-11 19:26:13,637 - log\train.log - INFO - iteration:22 step:507/533, NER loss: 0.007512
2018-07-11 19:26:14,226 - log\train.log - INFO - evaluate:dev
2018-07-11 19:26:14,915 - log\train.log - INFO - processed 12751 tokens with 3022 phrases; found: 3022 phrases; correct: 2990.

2018-07-11 19:26:14,917 - log\train.log - INFO - accuracy:  99.33%; precision:  98.94%; recall:  98.94%; FB1:  98.94

2018-07-11 19:26:14,917 - log\train.log - INFO -               ACT: precision: 100.00%; recall:  60.00%; FB1:  75.00  15

2018-07-11 19:26:14,917 - log\train.log - INFO -               ART: precision:  98.93%; recall:  99.93%; FB1:  99.43  1491

2018-07-11 19:26:14,917 - log\train.log - INFO -               IHS: precision: 100.00%; recall: 100.00%; FB1: 100.00  15

2018-07-11 19:26:14,917 - log\train.log - INFO -               LOC: precision: 100.00%; recall: 100.00%; FB1: 100.00  5

2018-07-11 19:26:14,917 - log\train.log - INFO -               MUS: precision:   0.00%; recall:   0.00%; FB1:   0.00  0

2018-07-11 19:26:14,917 - log\train.log - INFO -               PER: precision:   0.00%; recall:   0.00%; FB1:   0.00  5

2018-07-11 19:26:14,917 - log\train.log - INFO -               SNG: precision:  99.26%; recall:  99.93%; FB1:  99.59  1486

2018-07-11 19:26:14,917 - log\train.log - INFO -               TAG: precision: 100.00%; recall: 100.00%; FB1: 100.00  5

2018-07-11 19:26:14,918 - log\train.log - INFO - evaluate:test
2018-07-11 19:26:15,529 - log\train.log - INFO - processed 10332 tokens with 2427 phrases; found: 2422 phrases; correct: 2407.

2018-07-11 19:26:15,529 - log\train.log - INFO - accuracy:  99.56%; precision:  99.38%; recall:  99.18%; FB1:  99.28

2018-07-11 19:26:15,529 - log\train.log - INFO -               ACT: precision: 100.00%; recall:  80.00%; FB1:  88.89  20

2018-07-11 19:26:15,529 - log\train.log - INFO -               ART: precision:  99.58%; recall: 100.00%; FB1:  99.79  1186

2018-07-11 19:26:15,529 - log\train.log - INFO -               IHS: precision: 100.00%; recall: 100.00%; FB1: 100.00  15

2018-07-11 19:26:15,529 - log\train.log - INFO -               LOC: precision: 100.00%; recall: 100.00%; FB1: 100.00  5

2018-07-11 19:26:15,530 - log\train.log - INFO -               MUS: precision:   0.00%; recall:   0.00%; FB1:   0.00  0

2018-07-11 19:26:15,530 - log\train.log - INFO -               PER: precision:   0.00%; recall:   0.00%; FB1:   0.00  5

2018-07-11 19:26:15,530 - log\train.log - INFO -               SNG: precision:  99.58%; recall: 100.00%; FB1:  99.79  1186

2018-07-11 19:26:15,530 - log\train.log - INFO -               TAG: precision: 100.00%; recall: 100.00%; FB1: 100.00  5

2018-07-11 19:26:15,532 - log\train.log - INFO - epoch: 22
2018-07-11 19:26:17,214 - log\train.log - INFO - iteration:23 step:74/533, NER loss: 0.000590
2018-07-11 19:26:19,471 - log\train.log - INFO - iteration:23 step:174/533, NER loss: 0.000854
2018-07-11 19:26:21,752 - log\train.log - INFO - iteration:23 step:274/533, NER loss: 0.000490
2018-07-11 19:26:23,979 - log\train.log - INFO - iteration:23 step:374/533, NER loss: 0.000503
2018-07-11 19:26:26,171 - log\train.log - INFO - iteration:23 step:474/533, NER loss: 0.000257
2018-07-11 19:26:27,505 - log\train.log - INFO - evaluate:dev
2018-07-11 19:26:28,190 - log\train.log - INFO - processed 12751 tokens with 3022 phrases; found: 3017 phrases; correct: 2990.

2018-07-11 19:26:28,190 - log\train.log - INFO - accuracy:  99.29%; precision:  99.11%; recall:  98.94%; FB1:  99.02

2018-07-11 19:26:28,190 - log\train.log - INFO -               ACT: precision: 100.00%; recall:  60.00%; FB1:  75.00  15

2018-07-11 19:26:28,190 - log\train.log - INFO -               ART: precision:  98.93%; recall:  99.93%; FB1:  99.43  1491

2018-07-11 19:26:28,190 - log\train.log - INFO -               IHS: precision: 100.00%; recall: 100.00%; FB1: 100.00  15

2018-07-11 19:26:28,190 - log\train.log - INFO -               LOC: precision: 100.00%; recall: 100.00%; FB1: 100.00  5

2018-07-11 19:26:28,190 - log\train.log - INFO -               MUS: precision:   0.00%; recall:   0.00%; FB1:   0.00  0

2018-07-11 19:26:28,190 - log\train.log - INFO -               PER: precision:   0.00%; recall:   0.00%; FB1:   0.00  0

2018-07-11 19:26:28,190 - log\train.log - INFO -               SNG: precision:  99.26%; recall:  99.93%; FB1:  99.59  1486

2018-07-11 19:26:28,190 - log\train.log - INFO -               TAG: precision: 100.00%; recall: 100.00%; FB1: 100.00  5

2018-07-11 19:26:28,191 - log\train.log - INFO - evaluate:test
2018-07-11 19:26:28,795 - log\train.log - INFO - processed 10332 tokens with 2427 phrases; found: 2427 phrases; correct: 2407.

2018-07-11 19:26:28,795 - log\train.log - INFO - accuracy:  99.56%; precision:  99.18%; recall:  99.18%; FB1:  99.18

2018-07-11 19:26:28,796 - log\train.log - INFO -               ACT: precision: 100.00%; recall:  80.00%; FB1:  88.89  20

2018-07-11 19:26:28,796 - log\train.log - INFO -               ART: precision:  99.16%; recall: 100.00%; FB1:  99.58  1191

2018-07-11 19:26:28,796 - log\train.log - INFO -               IHS: precision: 100.00%; recall: 100.00%; FB1: 100.00  15

2018-07-11 19:26:28,796 - log\train.log - INFO -               LOC: precision: 100.00%; recall: 100.00%; FB1: 100.00  5

2018-07-11 19:26:28,796 - log\train.log - INFO -               MUS: precision:   0.00%; recall:   0.00%; FB1:   0.00  0

2018-07-11 19:26:28,796 - log\train.log - INFO -               PER: precision:   0.00%; recall:   0.00%; FB1:   0.00  5

2018-07-11 19:26:28,796 - log\train.log - INFO -               SNG: precision:  99.58%; recall: 100.00%; FB1:  99.79  1186

2018-07-11 19:26:28,796 - log\train.log - INFO -               TAG: precision: 100.00%; recall: 100.00%; FB1: 100.00  5

2018-07-11 19:26:28,798 - log\train.log - INFO - epoch: 23
2018-07-11 19:26:29,776 - log\train.log - INFO - iteration:24 step:41/533, NER loss: 0.007602
2018-07-11 19:26:31,997 - log\train.log - INFO - iteration:24 step:141/533, NER loss: 0.018052
2018-07-11 19:26:34,151 - log\train.log - INFO - iteration:24 step:241/533, NER loss: 0.003042
2018-07-11 19:26:36,438 - log\train.log - INFO - iteration:24 step:341/533, NER loss: 0.015302
2018-07-11 19:26:38,799 - log\train.log - INFO - iteration:24 step:441/533, NER loss: 0.000403
2018-07-11 19:26:40,769 - log\train.log - INFO - evaluate:dev
2018-07-11 19:26:41,473 - log\train.log - INFO - processed 12751 tokens with 3022 phrases; found: 3027 phrases; correct: 2990.

2018-07-11 19:26:41,473 - log\train.log - INFO - accuracy:  99.33%; precision:  98.78%; recall:  98.94%; FB1:  98.86

2018-07-11 19:26:41,473 - log\train.log - INFO -               ACT: precision:  75.00%; recall:  60.00%; FB1:  66.67  20

2018-07-11 19:26:41,474 - log\train.log - INFO -               ART: precision:  98.60%; recall:  99.93%; FB1:  99.26  1496

2018-07-11 19:26:41,474 - log\train.log - INFO -               IHS: precision: 100.00%; recall: 100.00%; FB1: 100.00  15

2018-07-11 19:26:41,474 - log\train.log - INFO -               LOC: precision: 100.00%; recall: 100.00%; FB1: 100.00  5

2018-07-11 19:26:41,474 - log\train.log - INFO -               MUS: precision:   0.00%; recall:   0.00%; FB1:   0.00  0

2018-07-11 19:26:41,474 - log\train.log - INFO -               PER: precision:   0.00%; recall:   0.00%; FB1:   0.00  0

2018-07-11 19:26:41,476 - log\train.log - INFO -               SNG: precision:  99.26%; recall:  99.93%; FB1:  99.59  1486

2018-07-11 19:26:41,476 - log\train.log - INFO -               TAG: precision: 100.00%; recall: 100.00%; FB1: 100.00  5

2018-07-11 19:26:41,476 - log\train.log - INFO - evaluate:test
2018-07-11 19:26:42,061 - log\train.log - INFO - processed 10332 tokens with 2427 phrases; found: 2437 phrases; correct: 2407.

2018-07-11 19:26:42,061 - log\train.log - INFO - accuracy:  99.66%; precision:  98.77%; recall:  99.18%; FB1:  98.97

2018-07-11 19:26:42,061 - log\train.log - INFO -               ACT: precision:  80.00%; recall:  80.00%; FB1:  80.00  25

2018-07-11 19:26:42,062 - log\train.log - INFO -               ART: precision:  99.16%; recall: 100.00%; FB1:  99.58  1191

2018-07-11 19:26:42,062 - log\train.log - INFO -               IHS: precision: 100.00%; recall: 100.00%; FB1: 100.00  15

2018-07-11 19:26:42,062 - log\train.log - INFO -               LOC: precision: 100.00%; recall: 100.00%; FB1: 100.00  5

2018-07-11 19:26:42,062 - log\train.log - INFO -               MUS: precision:   0.00%; recall:   0.00%; FB1:   0.00  0

2018-07-11 19:26:42,062 - log\train.log - INFO -               PER: precision:   0.00%; recall:   0.00%; FB1:   0.00  10

2018-07-11 19:26:42,062 - log\train.log - INFO -               SNG: precision:  99.58%; recall: 100.00%; FB1:  99.79  1186

2018-07-11 19:26:42,062 - log\train.log - INFO -               TAG: precision: 100.00%; recall: 100.00%; FB1: 100.00  5

2018-07-11 19:26:42,062 - log\train.log - INFO - epoch: 24
2018-07-11 19:26:42,250 - log\train.log - INFO - iteration:25 step:8/533, NER loss: 0.000161
2018-07-11 19:26:44,500 - log\train.log - INFO - iteration:25 step:108/533, NER loss: 0.000235
2018-07-11 19:26:46,740 - log\train.log - INFO - iteration:25 step:208/533, NER loss: 0.000106
2018-07-11 19:26:49,017 - log\train.log - INFO - iteration:25 step:308/533, NER loss: 0.000376
2018-07-11 19:26:51,282 - log\train.log - INFO - iteration:25 step:408/533, NER loss: 0.002111
2018-07-11 19:26:53,542 - log\train.log - INFO - iteration:25 step:508/533, NER loss: 0.013652
2018-07-11 19:26:54,089 - log\train.log - INFO - evaluate:dev
2018-07-11 19:26:54,786 - log\train.log - INFO - processed 12751 tokens with 3022 phrases; found: 3032 phrases; correct: 2990.

2018-07-11 19:26:54,786 - log\train.log - INFO - accuracy:  99.41%; precision:  98.61%; recall:  98.94%; FB1:  98.78

2018-07-11 19:26:54,786 - log\train.log - INFO -               ACT: precision:  75.00%; recall:  60.00%; FB1:  66.67  20

2018-07-11 19:26:54,786 - log\train.log - INFO -               ART: precision:  98.60%; recall:  99.93%; FB1:  99.26  1496

2018-07-11 19:26:54,786 - log\train.log - INFO -               IHS: precision: 100.00%; recall: 100.00%; FB1: 100.00  15

2018-07-11 19:26:54,786 - log\train.log - INFO -               LOC: precision: 100.00%; recall: 100.00%; FB1: 100.00  5

2018-07-11 19:26:54,786 - log\train.log - INFO -               MUS: precision:   0.00%; recall:   0.00%; FB1:   0.00  0

2018-07-11 19:26:54,786 - log\train.log - INFO -               PER: precision:   0.00%; recall:   0.00%; FB1:   0.00  5

2018-07-11 19:26:54,788 - log\train.log - INFO -               SNG: precision:  99.26%; recall:  99.93%; FB1:  99.59  1486

2018-07-11 19:26:54,788 - log\train.log - INFO -               TAG: precision: 100.00%; recall: 100.00%; FB1: 100.00  5

2018-07-11 19:26:54,788 - log\train.log - INFO - evaluate:test
2018-07-11 19:26:55,365 - log\train.log - INFO - processed 10332 tokens with 2427 phrases; found: 2437 phrases; correct: 2407.

2018-07-11 19:26:55,365 - log\train.log - INFO - accuracy:  99.66%; precision:  98.77%; recall:  99.18%; FB1:  98.97

2018-07-11 19:26:55,365 - log\train.log - INFO -               ACT: precision:  80.00%; recall:  80.00%; FB1:  80.00  25

2018-07-11 19:26:55,365 - log\train.log - INFO -               ART: precision:  99.16%; recall: 100.00%; FB1:  99.58  1191

2018-07-11 19:26:55,365 - log\train.log - INFO -               IHS: precision: 100.00%; recall: 100.00%; FB1: 100.00  15

2018-07-11 19:26:55,365 - log\train.log - INFO -               LOC: precision: 100.00%; recall: 100.00%; FB1: 100.00  5

2018-07-11 19:26:55,365 - log\train.log - INFO -               MUS: precision:   0.00%; recall:   0.00%; FB1:   0.00  0

2018-07-11 19:26:55,365 - log\train.log - INFO -               PER: precision:   0.00%; recall:   0.00%; FB1:   0.00  10

2018-07-11 19:26:55,365 - log\train.log - INFO -               SNG: precision:  99.58%; recall: 100.00%; FB1:  99.79  1186

2018-07-11 19:26:55,367 - log\train.log - INFO -               TAG: precision: 100.00%; recall: 100.00%; FB1: 100.00  5

2018-07-11 19:26:55,367 - log\train.log - INFO - epoch: 25
2018-07-11 19:26:57,127 - log\train.log - INFO - iteration:26 step:75/533, NER loss: 0.000390
2018-07-11 19:26:59,387 - log\train.log - INFO - iteration:26 step:175/533, NER loss: 0.008173
2018-07-11 19:27:01,609 - log\train.log - INFO - iteration:26 step:275/533, NER loss: 0.024541
2018-07-11 19:27:03,803 - log\train.log - INFO - iteration:26 step:375/533, NER loss: 0.005475
2018-07-11 19:27:06,013 - log\train.log - INFO - iteration:26 step:475/533, NER loss: 0.012088
2018-07-11 19:27:07,302 - log\train.log - INFO - evaluate:dev
2018-07-11 19:27:08,038 - log\train.log - INFO - processed 12751 tokens with 3022 phrases; found: 3027 phrases; correct: 2995.

2018-07-11 19:27:08,046 - log\train.log - INFO - accuracy:  99.45%; precision:  98.94%; recall:  99.11%; FB1:  99.02

2018-07-11 19:27:08,046 - log\train.log - INFO -               ACT: precision: 100.00%; recall:  80.00%; FB1:  88.89  20

2018-07-11 19:27:08,046 - log\train.log - INFO -               ART: precision:  98.93%; recall:  99.93%; FB1:  99.43  1491

2018-07-11 19:27:08,046 - log\train.log - INFO -               IHS: precision: 100.00%; recall: 100.00%; FB1: 100.00  15

2018-07-11 19:27:08,046 - log\train.log - INFO -               LOC: precision: 100.00%; recall: 100.00%; FB1: 100.00  5

2018-07-11 19:27:08,048 - log\train.log - INFO -               MUS: precision:   0.00%; recall:   0.00%; FB1:   0.00  0

2018-07-11 19:27:08,048 - log\train.log - INFO -               PER: precision:   0.00%; recall:   0.00%; FB1:   0.00  5

2018-07-11 19:27:08,048 - log\train.log - INFO -               SNG: precision:  99.26%; recall:  99.93%; FB1:  99.59  1486

2018-07-11 19:27:08,048 - log\train.log - INFO -               TAG: precision: 100.00%; recall: 100.00%; FB1: 100.00  5

2018-07-11 19:27:08,049 - log\train.log - INFO - evaluate:test
2018-07-11 19:27:08,644 - log\train.log - INFO - processed 10332 tokens with 2427 phrases; found: 2437 phrases; correct: 2417.

2018-07-11 19:27:08,644 - log\train.log - INFO - accuracy:  99.76%; precision:  99.18%; recall:  99.59%; FB1:  99.38

2018-07-11 19:27:08,645 - log\train.log - INFO -               ACT: precision: 100.00%; recall: 100.00%; FB1: 100.00  25

2018-07-11 19:27:08,645 - log\train.log - INFO -               ART: precision:  99.16%; recall: 100.00%; FB1:  99.58  1191

2018-07-11 19:27:08,645 - log\train.log - INFO -               IHS: precision: 100.00%; recall: 100.00%; FB1: 100.00  15

2018-07-11 19:27:08,645 - log\train.log - INFO -               LOC: precision: 100.00%; recall: 100.00%; FB1: 100.00  5

2018-07-11 19:27:08,645 - log\train.log - INFO -               MUS: precision: 100.00%; recall:  50.00%; FB1:  66.67  5

2018-07-11 19:27:08,647 - log\train.log - INFO -               PER: precision:   0.00%; recall:   0.00%; FB1:   0.00  5

2018-07-11 19:27:08,647 - log\train.log - INFO -               SNG: precision:  99.58%; recall: 100.00%; FB1:  99.79  1186

2018-07-11 19:27:08,647 - log\train.log - INFO -               TAG: precision: 100.00%; recall: 100.00%; FB1: 100.00  5

2018-07-11 19:27:08,648 - log\train.log - INFO - epoch: 26
2018-07-11 19:27:09,634 - log\train.log - INFO - iteration:27 step:42/533, NER loss: 0.000331
2018-07-11 19:27:11,990 - log\train.log - INFO - iteration:27 step:142/533, NER loss: 0.000464
2018-07-11 19:27:14,213 - log\train.log - INFO - iteration:27 step:242/533, NER loss: 0.000423
2018-07-11 19:27:16,466 - log\train.log - INFO - iteration:27 step:342/533, NER loss: 0.000449
